# JRE version: Java(TM) SE Runtime Environment (23.0.2+7) (build 23.0.2+7-58)
# Java VM: Java HotSpot(TM) 64-Bit Server VM (23.0.2+7-58, mixed mode, sharing, tiered, compressed oops, compressed class ptrs, parallel gc, windows-amd64)
GC Precious Log:
 CardTable entry size: 512
 CPUs: 4 total, 4 available
 Memory: 8025M
 Large Page Support: Disabled
 NUMA Support: Disabled
 Compressed Oops: Enabled (Zero based)
 Alignments: Space 512K, Generation 512K, Heap 2M
 Heap Min Capacity: 8M
 Heap Initial Capacity: 126M
 Heap Max Capacity: 4G
 Pre-touch: Disabled
 Parallel Workers: 4
Heap:
 PSYoungGen      total 57856K, used 32605K [0x00000007aab00000, 0x00000007af680000, 0x0000000800000000)
  eden space 49664K, 50% used [0x00000007aab00000,0x00000007ac3875f8,0x00000007adb80000)
  from space 8192K, 91% used [0x00000007adb80000,0x00000007ae2d0000,0x00000007ae380000)
  to   space 8704K, 0% used [0x00000007aee00000,0x00000007aee00000,0x00000007af680000)
 ParOldGen       total 116736K, used 116213K [0x0000000700000000, 0x0000000707200000, 0x00000007aab00000)
  object space 116736K, 99% used [0x0000000700000000,0x000000070717d438,0x0000000707200000)
 Metaspace       used 104858K, committed 107584K, reserved 1179648K
  class space    used 15129K, committed 16512K, reserved 1048576K
GC Heap History (20 events):
Event: 102.365 GC heap before
{Heap before GC invocations=54 (full 4):
 PSYoungGen      total 38912K, used 35328K [0x00000007aab00000, 0x00000007adf00000, 0x0000000800000000)
  eden space 35328K, 100% used [0x00000007aab00000,0x00000007acd80000,0x00000007acd80000)
  from space 3584K, 0% used [0x00000007ad200000,0x00000007ad200000,0x00000007ad580000)
  to   space 7680K, 0% used [0x00000007ad780000,0x00000007ad780000,0x00000007adf00000)
 ParOldGen       total 116736K, used 111280K [0x0000000700000000, 0x0000000707200000, 0x00000007aab00000)
  object space 116736K, 95% used [0x0000000700000000,0x0000000706cac220,0x0000000707200000)
 Metaspace       used 97965K, committed 100608K, reserved 1179648K
  class space    used 13977K, committed 15296K, reserved 1048576K
}
Event: 102.376 GC heap after
{Heap after GC invocations=54 (full 4):
 PSYoungGen      total 39424K, used 3104K [0x00000007aab00000, 0x00000007adc00000, 0x0000000800000000)
  eden space 34816K, 0% used [0x00000007aab00000,0x00000007aab00000,0x00000007acd00000)
  from space 4608K, 67% used [0x00000007ad780000,0x00000007ada88020,0x00000007adc00000)
  to   space 7680K, 0% used [0x00000007acd00000,0x00000007acd00000,0x00000007ad480000)
 ParOldGen       total 116736K, used 111280K [0x0000000700000000, 0x0000000707200000, 0x00000007aab00000)
  object space 116736K, 95% used [0x0000000700000000,0x0000000706cac220,0x0000000707200000)
 Metaspace       used 97965K, committed 100608K, reserved 1179648K
  class space    used 13977K, committed 15296K, reserved 1048576K
}
Event: 106.260 GC heap before
{Heap before GC invocations=55 (full 4):
 PSYoungGen      total 39424K, used 37920K [0x00000007aab00000, 0x00000007adc00000, 0x0000000800000000)
  eden space 34816K, 100% used [0x00000007aab00000,0x00000007acd00000,0x00000007acd00000)
  from space 4608K, 67% used [0x00000007ad780000,0x00000007ada88020,0x00000007adc00000)
  to   space 7680K, 0% used [0x00000007acd00000,0x00000007acd00000,0x00000007ad480000)
 ParOldGen       total 116736K, used 111280K [0x0000000700000000, 0x0000000707200000, 0x00000007aab00000)
  object space 116736K, 95% used [0x0000000700000000,0x0000000706cac220,0x0000000707200000)
 Metaspace       used 98914K, committed 101504K, reserved 1179648K
  class space    used 14161K, committed 15488K, reserved 1048576K
}
Event: 106.274 GC heap after
{Heap after GC invocations=55 (full 4):
 PSYoungGen      total 38912K, used 4352K [0x00000007aab00000, 0x00000007adb80000, 0x0000000800000000)
  eden space 34304K, 0% used [0x00000007aab00000,0x00000007aab00000,0x00000007acc80000)
  from space 4608K, 94% used [0x00000007acd00000,0x00000007ad140000,0x00000007ad180000)
  to   space 7680K, 0% used [0x00000007ad400000,0x00000007ad400000,0x00000007adb80000)
 ParOldGen       total 116736K, used 111872K [0x0000000700000000, 0x0000000707200000, 0x00000007aab00000)
  object space 116736K, 95% used [0x0000000700000000,0x0000000706d40260,0x0000000707200000)
 Metaspace       used 98914K, committed 101504K, reserved 1179648K
  class space    used 14161K, committed 15488K, reserved 1048576K
}
Event: 116.247 GC heap before
{Heap before GC invocations=56 (full 4):
 PSYoungGen      total 38912K, used 38656K [0x00000007aab00000, 0x00000007adb80000, 0x0000000800000000)
  eden space 34304K, 100% used [0x00000007aab00000,0x00000007acc80000,0x00000007acc80000)
  from space 4608K, 94% used [0x00000007acd00000,0x00000007ad140000,0x00000007ad180000)
  to   space 7680K, 0% used [0x00000007ad400000,0x00000007ad400000,0x00000007adb80000)
 ParOldGen       total 116736K, used 111872K [0x0000000700000000, 0x0000000707200000, 0x00000007aab00000)
  object space 116736K, 95% used [0x0000000700000000,0x0000000706d40260,0x0000000707200000)
 Metaspace       used 99769K, committed 102336K, reserved 1179648K
  class space    used 14318K, committed 15616K, reserved 1048576K
}
Event: 116.625 GC heap after
{Heap after GC invocations=56 (full 4):
 PSYoungGen      total 42496K, used 3648K [0x00000007aab00000, 0x00000007ae200000, 0x0000000800000000)
  eden space 34816K, 0% used [0x00000007aab00000,0x00000007aab00000,0x00000007acd00000)
  from space 7680K, 47% used [0x00000007ad400000,0x00000007ad790000,0x00000007adb80000)
  to   space 7168K, 0% used [0x00000007acd00000,0x00000007acd00000,0x00000007ad400000)
 ParOldGen       total 116736K, used 112144K [0x0000000700000000, 0x0000000707200000, 0x00000007aab00000)
  object space 116736K, 96% used [0x0000000700000000,0x0000000706d84260,0x0000000707200000)
 Metaspace       used 99769K, committed 102336K, reserved 1179648K
  class space    used 14318K, committed 15616K, reserved 1048576K
}
Event: 120.749 GC heap before
{Heap before GC invocations=57 (full 4):
 PSYoungGen      total 42496K, used 38464K [0x00000007aab00000, 0x00000007ae200000, 0x0000000800000000)
  eden space 34816K, 100% used [0x00000007aab00000,0x00000007acd00000,0x00000007acd00000)
  from space 7680K, 47% used [0x00000007ad400000,0x00000007ad790000,0x00000007adb80000)
  to   space 7168K, 0% used [0x00000007acd00000,0x00000007acd00000,0x00000007ad400000)
 ParOldGen       total 116736K, used 112144K [0x0000000700000000, 0x0000000707200000, 0x00000007aab00000)
  object space 116736K, 96% used [0x0000000700000000,0x0000000706d84260,0x0000000707200000)
 Metaspace       used 100406K, committed 102976K, reserved 1179648K
  class space    used 14451K, committed 15744K, reserved 1048576K
}
Event: 120.772 GC heap after
{Heap after GC invocations=57 (full 4):
 PSYoungGen      total 41984K, used 4480K [0x00000007aab00000, 0x00000007ae280000, 0x0000000800000000)
  eden space 34816K, 0% used [0x00000007aab00000,0x00000007aab00000,0x00000007acd00000)
  from space 7168K, 62% used [0x00000007acd00000,0x00000007ad160000,0x00000007ad400000)
  to   space 7168K, 0% used [0x00000007adb80000,0x00000007adb80000,0x00000007ae280000)
 ParOldGen       total 116736K, used 112488K [0x0000000700000000, 0x0000000707200000, 0x00000007aab00000)
  object space 116736K, 96% used [0x0000000700000000,0x0000000706dda260,0x0000000707200000)
 Metaspace       used 100406K, committed 102976K, reserved 1179648K
  class space    used 14451K, committed 15744K, reserved 1048576K
}
Event: 124.571 GC heap before
{Heap before GC invocations=58 (full 4):
 PSYoungGen      total 41984K, used 39296K [0x00000007aab00000, 0x00000007ae280000, 0x0000000800000000)
  eden space 34816K, 100% used [0x00000007aab00000,0x00000007acd00000,0x00000007acd00000)
  from space 7168K, 62% used [0x00000007acd00000,0x00000007ad160000,0x00000007ad400000)
  to   space 7168K, 0% used [0x00000007adb80000,0x00000007adb80000,0x00000007ae280000)
 ParOldGen       total 116736K, used 112488K [0x0000000700000000, 0x0000000707200000, 0x00000007aab00000)
  object space 116736K, 96% used [0x0000000700000000,0x0000000706dda260,0x0000000707200000)
 Metaspace       used 101104K, committed 103680K, reserved 1179648K
  class space    used 14560K, committed 15872K, reserved 1048576K
}
Event: 124.593 GC heap after
{Heap after GC invocations=58 (full 4):
 PSYoungGen      total 49664K, used 5248K [0x00000007aab00000, 0x00000007ae280000, 0x0000000800000000)
  eden space 42496K, 0% used [0x00000007aab00000,0x00000007aab00000,0x00000007ad480000)
  from space 7168K, 73% used [0x00000007adb80000,0x00000007ae0a0000,0x00000007ae280000)
  to   space 7168K, 0% used [0x00000007ad480000,0x00000007ad480000,0x00000007adb80000)
 ParOldGen       total 116736K, used 112720K [0x0000000700000000, 0x0000000707200000, 0x00000007aab00000)
  object space 116736K, 96% used [0x0000000700000000,0x0000000706e14260,0x0000000707200000)
 Metaspace       used 101104K, committed 103680K, reserved 1179648K
  class space    used 14560K, committed 15872K, reserved 1048576K
}
Event: 129.210 GC heap before
{Heap before GC invocations=59 (full 4):
 PSYoungGen      total 49664K, used 47744K [0x00000007aab00000, 0x00000007ae280000, 0x0000000800000000)
  eden space 42496K, 100% used [0x00000007aab00000,0x00000007ad480000,0x00000007ad480000)
  from space 7168K, 73% used [0x00000007adb80000,0x00000007ae0a0000,0x00000007ae280000)
  to   space 7168K, 0% used [0x00000007ad480000,0x00000007ad480000,0x00000007adb80000)
 ParOldGen       total 116736K, used 112720K [0x0000000700000000, 0x0000000707200000, 0x00000007aab00000)
  object space 116736K, 96% used [0x0000000700000000,0x0000000706e14260,0x0000000707200000)
 Metaspace       used 102266K, committed 104896K, reserved 1179648K
  class space    used 14736K, committed 16064K, reserved 1048576K
}
Event: 129.239 GC heap after
{Heap after GC invocations=59 (full 4):
 PSYoungGen      total 46592K, used 4760K [0x00000007aab00000, 0x00000007ae180000, 0x0000000800000000)
  eden space 41472K, 0% used [0x00000007aab00000,0x00000007aab00000,0x00000007ad380000)
  from space 5120K, 92% used [0x00000007ad480000,0x00000007ad9261a8,0x00000007ad980000)
  to   space 7168K, 0% used [0x00000007ada80000,0x00000007ada80000,0x00000007ae180000)
 ParOldGen       total 116736K, used 113836K [0x0000000700000000, 0x0000000707200000, 0x00000007aab00000)
  object space 116736K, 97% used [0x0000000700000000,0x0000000706f2b290,0x0000000707200000)
 Metaspace       used 102266K, committed 104896K, reserved 1179648K
  class space    used 14736K, committed 16064K, reserved 1048576K
}
Event: 134.147 GC heap before
{Heap before GC invocations=60 (full 4):
 PSYoungGen      total 46592K, used 46232K [0x00000007aab00000, 0x00000007ae180000, 0x0000000800000000)
  eden space 41472K, 100% used [0x00000007aab00000,0x00000007ad380000,0x00000007ad380000)
  from space 5120K, 92% used [0x00000007ad480000,0x00000007ad9261a8,0x00000007ad980000)
  to   space 7168K, 0% used [0x00000007ada80000,0x00000007ada80000,0x00000007ae180000)
 ParOldGen       total 116736K, used 113836K [0x0000000700000000, 0x0000000707200000, 0x00000007aab00000)
  object space 116736K, 97% used [0x0000000700000000,0x0000000706f2b290,0x0000000707200000)
 Metaspace       used 103086K, committed 105856K, reserved 1179648K
  class space    used 14868K, committed 16256K, reserved 1048576K
}
Event: 134.556 GC heap after
{Heap after GC invocations=60 (full 4):
 PSYoungGen      total 48640K, used 4704K [0x00000007aab00000, 0x00000007aea80000, 0x0000000800000000)
  eden space 41472K, 0% used [0x00000007aab00000,0x00000007aab00000,0x00000007ad380000)
  from space 7168K, 65% used [0x00000007ada80000,0x00000007adf18000,0x00000007ae180000)
  to   space 7168K, 0% used [0x00000007ad380000,0x00000007ad380000,0x00000007ada80000)
 ParOldGen       total 116736K, used 114989K [0x0000000700000000, 0x0000000707200000, 0x00000007aab00000)
  object space 116736K, 98% used [0x0000000700000000,0x000000070704b438,0x0000000707200000)
 Metaspace       used 103086K, committed 105856K, reserved 1179648K
  class space    used 14868K, committed 16256K, reserved 1048576K
}
Event: 140.298 GC heap before
{Heap before GC invocations=61 (full 4):
 PSYoungGen      total 48640K, used 46176K [0x00000007aab00000, 0x00000007aea80000, 0x0000000800000000)
  eden space 41472K, 100% used [0x00000007aab00000,0x00000007ad380000,0x00000007ad380000)
  from space 7168K, 65% used [0x00000007ada80000,0x00000007adf18000,0x00000007ae180000)
  to   space 7168K, 0% used [0x00000007ad380000,0x00000007ad380000,0x00000007ada80000)
 ParOldGen       total 116736K, used 114989K [0x0000000700000000, 0x0000000707200000, 0x00000007aab00000)
  object space 116736K, 98% used [0x0000000700000000,0x000000070704b438,0x0000000707200000)
 Metaspace       used 103214K, committed 105984K, reserved 1179648K
  class space    used 14889K, committed 16256K, reserved 1048576K
}
Event: 140.321 GC heap after
{Heap after GC invocations=61 (full 4):
 PSYoungGen      total 48640K, used 7072K [0x00000007aab00000, 0x00000007aeb00000, 0x0000000800000000)
  eden space 41472K, 0% used [0x00000007aab00000,0x00000007aab00000,0x00000007ad380000)
  from space 7168K, 98% used [0x00000007ad380000,0x00000007ada68000,0x00000007ada80000)
  to   space 7680K, 0% used [0x00000007ae380000,0x00000007ae380000,0x00000007aeb00000)
 ParOldGen       total 116736K, used 115453K [0x0000000700000000, 0x0000000707200000, 0x00000007aab00000)
  object space 116736K, 98% used [0x0000000700000000,0x00000007070bf438,0x0000000707200000)
 Metaspace       used 103214K, committed 105984K, reserved 1179648K
  class space    used 14889K, committed 16256K, reserved 1048576K
}
Event: 145.291 GC heap before
{Heap before GC invocations=62 (full 4):
 PSYoungGen      total 48640K, used 48544K [0x00000007aab00000, 0x00000007aeb00000, 0x0000000800000000)
  eden space 41472K, 100% used [0x00000007aab00000,0x00000007ad380000,0x00000007ad380000)
  from space 7168K, 98% used [0x00000007ad380000,0x00000007ada68000,0x00000007ada80000)
  to   space 7680K, 0% used [0x00000007ae380000,0x00000007ae380000,0x00000007aeb00000)
 ParOldGen       total 116736K, used 115453K [0x0000000700000000, 0x0000000707200000, 0x00000007aab00000)
  object space 116736K, 98% used [0x0000000700000000,0x00000007070bf438,0x0000000707200000)
 Metaspace       used 103883K, committed 106688K, reserved 1179648K
  class space    used 14983K, committed 16384K, reserved 1048576K
}
Event: 145.529 GC heap after
{Heap after GC invocations=62 (full 4):
 PSYoungGen      total 57344K, used 5728K [0x00000007aab00000, 0x00000007aec00000, 0x0000000800000000)
  eden space 49664K, 0% used [0x00000007aab00000,0x00000007aab00000,0x00000007adb80000)
  from space 7680K, 74% used [0x00000007ae380000,0x00000007ae918000,0x00000007aeb00000)
  to   space 8192K, 0% used [0x00000007adb80000,0x00000007adb80000,0x00000007ae380000)
 ParOldGen       total 116736K, used 115725K [0x0000000700000000, 0x0000000707200000, 0x00000007aab00000)
  object space 116736K, 99% used [0x0000000700000000,0x0000000707103438,0x0000000707200000)
 Metaspace       used 103883K, committed 106688K, reserved 1179648K
  class space    used 14983K, committed 16384K, reserved 1048576K
}
Event: 150.895 GC heap before
{Heap before GC invocations=63 (full 4):
 PSYoungGen      total 57344K, used 55392K [0x00000007aab00000, 0x00000007aec00000, 0x0000000800000000)
  eden space 49664K, 100% used [0x00000007aab00000,0x00000007adb80000,0x00000007adb80000)
  from space 7680K, 74% used [0x00000007ae380000,0x00000007ae918000,0x00000007aeb00000)
  to   space 8192K, 0% used [0x00000007adb80000,0x00000007adb80000,0x00000007ae380000)
 ParOldGen       total 116736K, used 115725K [0x0000000700000000, 0x0000000707200000, 0x00000007aab00000)
  object space 116736K, 99% used [0x0000000700000000,0x0000000707103438,0x0000000707200000)
 Metaspace       used 104385K, committed 107136K, reserved 1179648K
  class space    used 15062K, committed 16448K, reserved 1048576K
}
Event: 151.145 GC heap after
{Heap after GC invocations=63 (full 4):
 PSYoungGen      total 57856K, used 7488K [0x00000007aab00000, 0x00000007af680000, 0x0000000800000000)
  eden space 49664K, 0% used [0x00000007aab00000,0x00000007aab00000,0x00000007adb80000)
  from space 8192K, 91% used [0x00000007adb80000,0x00000007ae2d0000,0x00000007ae380000)
  to   space 8704K, 0% used [0x00000007aee00000,0x00000007aee00000,0x00000007af680000)
 ParOldGen       total 116736K, used 116213K [0x0000000700000000, 0x0000000707200000, 0x00000007aab00000)
  object space 116736K, 99% used [0x0000000700000000,0x000000070717d438,0x0000000707200000)
 Metaspace       used 104385K, committed 107136K, reserved 1179648K
  class space    used 15062K, committed 16448K, reserved 1048576K
}

