# JRE version: OpenJDK Runtime Environment (21.0.6) (build 21.0.6+-13391695-b895.109)
# Java VM: OpenJDK 64-Bit Server VM (21.0.6+-13391695-b895.109, mixed mode, tiered, compressed oops, compressed class ptrs, parallel gc, windows-amd64)
GC Precious Log:
 CardTable entry size: 512
 CPUs: 4 total, 4 available
 Memory: 8025M
 Large Page Support: Disabled
 NUMA Support: Disabled
 Compressed Oops: Enabled (Zero based)
 Alignments: Space 512K, Generation 512K, Heap 2M
 Heap Min Capacity: 8M
 Heap Initial Capacity: 126M
 Heap Max Capacity: 4G
 Pre-touch: Disabled
 Parallel Workers: 4
Heap:
 PSYoungGen      total 79360K, used 13297K [0x00000007aab00000, 0x00000007b2c00000, 0x0000000800000000)
  eden space 58880K, 15% used [0x00000007aab00000,0x00000007ab3da6f8,0x00000007ae480000)
  from space 20480K, 20% used [0x00000007af800000,0x00000007afc21d38,0x00000007b0c00000)
  to   space 19968K, 0% used [0x00000007ae480000,0x00000007ae480000,0x00000007af800000)
 ParOldGen       total 86016K, used 50955K [0x0000000700000000, 0x0000000705400000, 0x00000007aab00000)
  object space 86016K, 59% used [0x0000000700000000,0x00000007031c2ff8,0x0000000705400000)
 Metaspace       used 68272K, committed 69568K, reserved 1114112K
  class space    used 9073K, committed 9728K, reserved 1048576K
GC Heap History (20 events):
Event: 2.680 GC heap before
{Heap before GC invocations=6 (full 1):
 PSYoungGen      total 70656K, used 5096K [0x00000007aab00000, 0x00000007b0400000, 0x0000000800000000)
  eden space 65536K, 0% used [0x00000007aab00000,0x00000007aab00000,0x00000007aeb00000)
  from space 5120K, 99% used [0x00000007aeb00000,0x00000007aeffa238,0x00000007af000000)
  to   space 12800K, 0% used [0x00000007af780000,0x00000007af780000,0x00000007b0400000)
 ParOldGen       total 86016K, used 13998K [0x0000000700000000, 0x0000000705400000, 0x00000007aab00000)
  object space 86016K, 16% used [0x0000000700000000,0x0000000700daba68,0x0000000705400000)
 Metaspace       used 21192K, committed 21504K, reserved 1114112K
  class space    used 2448K, committed 2624K, reserved 1048576K
}
Event: 2.708 GC heap after
{Heap after GC invocations=6 (full 1):
 PSYoungGen      total 70656K, used 0K [0x00000007aab00000, 0x00000007b0400000, 0x0000000800000000)
  eden space 65536K, 0% used [0x00000007aab00000,0x00000007aab00000,0x00000007aeb00000)
  from space 5120K, 0% used [0x00000007aeb00000,0x00000007aeb00000,0x00000007af000000)
  to   space 12800K, 0% used [0x00000007af780000,0x00000007af780000,0x00000007b0400000)
 ParOldGen       total 86016K, used 18639K [0x0000000700000000, 0x0000000705400000, 0x00000007aab00000)
  object space 86016K, 21% used [0x0000000700000000,0x0000000701233d80,0x0000000705400000)
 Metaspace       used 21192K, committed 21504K, reserved 1114112K
  class space    used 2448K, committed 2624K, reserved 1048576K
}
Event: 4.071 GC heap before
{Heap before GC invocations=7 (full 1):
 PSYoungGen      total 70656K, used 65536K [0x00000007aab00000, 0x00000007b0400000, 0x0000000800000000)
  eden space 65536K, 100% used [0x00000007aab00000,0x00000007aeb00000,0x00000007aeb00000)
  from space 5120K, 0% used [0x00000007aeb00000,0x00000007aeb00000,0x00000007af000000)
  to   space 12800K, 0% used [0x00000007af780000,0x00000007af780000,0x00000007b0400000)
 ParOldGen       total 86016K, used 18639K [0x0000000700000000, 0x0000000705400000, 0x00000007aab00000)
  object space 86016K, 21% used [0x0000000700000000,0x0000000701233d80,0x0000000705400000)
 Metaspace       used 31282K, committed 31872K, reserved 1114112K
  class space    used 4065K, committed 4352K, reserved 1048576K
}
Event: 4.077 GC heap after
{Heap after GC invocations=7 (full 1):
 PSYoungGen      total 74240K, used 3696K [0x00000007aab00000, 0x00000007b0200000, 0x0000000800000000)
  eden space 63488K, 0% used [0x00000007aab00000,0x00000007aab00000,0x00000007ae900000)
  from space 10752K, 34% used [0x00000007af780000,0x00000007afb1c150,0x00000007b0200000)
  to   space 12800K, 0% used [0x00000007ae900000,0x00000007ae900000,0x00000007af580000)
 ParOldGen       total 86016K, used 18639K [0x0000000700000000, 0x0000000705400000, 0x00000007aab00000)
  object space 86016K, 21% used [0x0000000700000000,0x0000000701233d80,0x0000000705400000)
 Metaspace       used 31282K, committed 31872K, reserved 1114112K
  class space    used 4065K, committed 4352K, reserved 1048576K
}
Event: 4.672 GC heap before
{Heap before GC invocations=8 (full 1):
 PSYoungGen      total 74240K, used 33667K [0x00000007aab00000, 0x00000007b0200000, 0x0000000800000000)
  eden space 63488K, 47% used [0x00000007aab00000,0x00000007ac844b30,0x00000007ae900000)
  from space 10752K, 34% used [0x00000007af780000,0x00000007afb1c150,0x00000007b0200000)
  to   space 12800K, 0% used [0x00000007ae900000,0x00000007ae900000,0x00000007af580000)
 ParOldGen       total 86016K, used 18639K [0x0000000700000000, 0x0000000705400000, 0x00000007aab00000)
  object space 86016K, 21% used [0x0000000700000000,0x0000000701233d80,0x0000000705400000)
 Metaspace       used 34969K, committed 35840K, reserved 1114112K
  class space    used 4691K, committed 5120K, reserved 1048576K
}
Event: 4.677 GC heap after
{Heap after GC invocations=8 (full 1):
 PSYoungGen      total 69120K, used 5568K [0x00000007aab00000, 0x00000007b0100000, 0x0000000800000000)
  eden space 63488K, 0% used [0x00000007aab00000,0x00000007aab00000,0x00000007ae900000)
  from space 5632K, 98% used [0x00000007ae900000,0x00000007aee70030,0x00000007aee80000)
  to   space 12288K, 0% used [0x00000007af500000,0x00000007af500000,0x00000007b0100000)
 ParOldGen       total 86016K, used 18647K [0x0000000700000000, 0x0000000705400000, 0x00000007aab00000)
  object space 86016K, 21% used [0x0000000700000000,0x0000000701235d80,0x0000000705400000)
 Metaspace       used 34969K, committed 35840K, reserved 1114112K
  class space    used 4691K, committed 5120K, reserved 1048576K
}
Event: 4.677 GC heap before
{Heap before GC invocations=9 (full 2):
 PSYoungGen      total 69120K, used 5568K [0x00000007aab00000, 0x00000007b0100000, 0x0000000800000000)
  eden space 63488K, 0% used [0x00000007aab00000,0x00000007aab00000,0x00000007ae900000)
  from space 5632K, 98% used [0x00000007ae900000,0x00000007aee70030,0x00000007aee80000)
  to   space 12288K, 0% used [0x00000007af500000,0x00000007af500000,0x00000007b0100000)
 ParOldGen       total 86016K, used 18647K [0x0000000700000000, 0x0000000705400000, 0x00000007aab00000)
  object space 86016K, 21% used [0x0000000700000000,0x0000000701235d80,0x0000000705400000)
 Metaspace       used 34969K, committed 35840K, reserved 1114112K
  class space    used 4691K, committed 5120K, reserved 1048576K
}
Event: 4.720 GC heap after
{Heap after GC invocations=9 (full 2):
 PSYoungGen      total 69120K, used 0K [0x00000007aab00000, 0x00000007b0100000, 0x0000000800000000)
  eden space 63488K, 0% used [0x00000007aab00000,0x00000007aab00000,0x00000007ae900000)
  from space 5632K, 0% used [0x00000007ae900000,0x00000007ae900000,0x00000007aee80000)
  to   space 12288K, 0% used [0x00000007af500000,0x00000007af500000,0x00000007b0100000)
 ParOldGen       total 86016K, used 23930K [0x0000000700000000, 0x0000000705400000, 0x00000007aab00000)
  object space 86016K, 27% used [0x0000000700000000,0x000000070175e998,0x0000000705400000)
 Metaspace       used 34969K, committed 35840K, reserved 1114112K
  class space    used 4691K, committed 5120K, reserved 1048576K
}
Event: 6.155 GC heap before
{Heap before GC invocations=10 (full 2):
 PSYoungGen      total 69120K, used 63488K [0x00000007aab00000, 0x00000007b0100000, 0x0000000800000000)
  eden space 63488K, 100% used [0x00000007aab00000,0x00000007ae900000,0x00000007ae900000)
  from space 5632K, 0% used [0x00000007ae900000,0x00000007ae900000,0x00000007aee80000)
  to   space 12288K, 0% used [0x00000007af500000,0x00000007af500000,0x00000007b0100000)
 ParOldGen       total 86016K, used 23930K [0x0000000700000000, 0x0000000705400000, 0x00000007aab00000)
  object space 86016K, 27% used [0x0000000700000000,0x000000070175e998,0x0000000705400000)
 Metaspace       used 43656K, committed 44800K, reserved 1114112K
  class space    used 5712K, committed 6272K, reserved 1048576K
}
Event: 6.161 GC heap after
{Heap after GC invocations=10 (full 2):
 PSYoungGen      total 71680K, used 4952K [0x00000007aab00000, 0x00000007aff00000, 0x0000000800000000)
  eden space 61440K, 0% used [0x00000007aab00000,0x00000007aab00000,0x00000007ae700000)
  from space 10240K, 48% used [0x00000007af500000,0x00000007af9d61a8,0x00000007aff00000)
  to   space 12288K, 0% used [0x00000007ae700000,0x00000007ae700000,0x00000007af300000)
 ParOldGen       total 86016K, used 23938K [0x0000000700000000, 0x0000000705400000, 0x00000007aab00000)
  object space 86016K, 27% used [0x0000000700000000,0x0000000701760998,0x0000000705400000)
 Metaspace       used 43656K, committed 44800K, reserved 1114112K
  class space    used 5712K, committed 6272K, reserved 1048576K
}
Event: 7.272 GC heap before
{Heap before GC invocations=11 (full 2):
 PSYoungGen      total 71680K, used 66392K [0x00000007aab00000, 0x00000007aff00000, 0x0000000800000000)
  eden space 61440K, 100% used [0x00000007aab00000,0x00000007ae700000,0x00000007ae700000)
  from space 10240K, 48% used [0x00000007af500000,0x00000007af9d61a8,0x00000007aff00000)
  to   space 12288K, 0% used [0x00000007ae700000,0x00000007ae700000,0x00000007af300000)
 ParOldGen       total 86016K, used 23938K [0x0000000700000000, 0x0000000705400000, 0x00000007aab00000)
  object space 86016K, 27% used [0x0000000700000000,0x0000000701760998,0x0000000705400000)
 Metaspace       used 50488K, committed 51712K, reserved 1114112K
  class space    used 6586K, committed 7168K, reserved 1048576K
}
Event: 7.286 GC heap after
{Heap after GC invocations=11 (full 2):
 PSYoungGen      total 72192K, used 12264K [0x00000007aab00000, 0x00000007b0880000, 0x0000000800000000)
  eden space 59904K, 0% used [0x00000007aab00000,0x00000007aab00000,0x00000007ae580000)
  from space 12288K, 99% used [0x00000007ae700000,0x00000007af2fa3d8,0x00000007af300000)
  to   space 17920K, 0% used [0x00000007af700000,0x00000007af700000,0x00000007b0880000)
 ParOldGen       total 86016K, used 34013K [0x0000000700000000, 0x0000000705400000, 0x00000007aab00000)
  object space 86016K, 39% used [0x0000000700000000,0x0000000702137680,0x0000000705400000)
 Metaspace       used 50488K, committed 51712K, reserved 1114112K
  class space    used 6586K, committed 7168K, reserved 1048576K
}
Event: 9.226 GC heap before
{Heap before GC invocations=12 (full 2):
 PSYoungGen      total 72192K, used 72168K [0x00000007aab00000, 0x00000007b0880000, 0x0000000800000000)
  eden space 59904K, 100% used [0x00000007aab00000,0x00000007ae580000,0x00000007ae580000)
  from space 12288K, 99% used [0x00000007ae700000,0x00000007af2fa3d8,0x00000007af300000)
  to   space 17920K, 0% used [0x00000007af700000,0x00000007af700000,0x00000007b0880000)
 ParOldGen       total 86016K, used 34013K [0x0000000700000000, 0x0000000705400000, 0x00000007aab00000)
  object space 86016K, 39% used [0x0000000700000000,0x0000000702137680,0x0000000705400000)
 Metaspace       used 56269K, committed 57536K, reserved 1114112K
  class space    used 7352K, committed 8000K, reserved 1048576K
}
Event: 9.237 GC heap after
{Heap after GC invocations=12 (full 2):
 PSYoungGen      total 75264K, used 17037K [0x00000007aab00000, 0x00000007b0c00000, 0x0000000800000000)
  eden space 57344K, 0% used [0x00000007aab00000,0x00000007aab00000,0x00000007ae300000)
  from space 17920K, 95% used [0x00000007af700000,0x00000007b07a3670,0x00000007b0880000)
  to   space 20480K, 0% used [0x00000007ae300000,0x00000007ae300000,0x00000007af700000)
 ParOldGen       total 86016K, used 34197K [0x0000000700000000, 0x0000000705400000, 0x00000007aab00000)
  object space 86016K, 39% used [0x0000000700000000,0x0000000702165510,0x0000000705400000)
 Metaspace       used 56269K, committed 57536K, reserved 1114112K
  class space    used 7352K, committed 8000K, reserved 1048576K
}
Event: 9.503 GC heap before
{Heap before GC invocations=13 (full 2):
 PSYoungGen      total 75264K, used 37045K [0x00000007aab00000, 0x00000007b0c00000, 0x0000000800000000)
  eden space 57344K, 34% used [0x00000007aab00000,0x00000007abe89f50,0x00000007ae300000)
  from space 17920K, 95% used [0x00000007af700000,0x00000007b07a3670,0x00000007b0880000)
  to   space 20480K, 0% used [0x00000007ae300000,0x00000007ae300000,0x00000007af700000)
 ParOldGen       total 86016K, used 34197K [0x0000000700000000, 0x0000000705400000, 0x00000007aab00000)
  object space 86016K, 39% used [0x0000000700000000,0x0000000702165510,0x0000000705400000)
 Metaspace       used 58457K, committed 59776K, reserved 1114112K
  class space    used 7712K, committed 8384K, reserved 1048576K
}
Event: 9.520 GC heap after
{Heap after GC invocations=13 (full 2):
 PSYoungGen      total 77824K, used 959K [0x00000007aab00000, 0x00000007b0c00000, 0x0000000800000000)
  eden space 57344K, 0% used [0x00000007aab00000,0x00000007aab00000,0x00000007ae300000)
  from space 20480K, 4% used [0x00000007ae300000,0x00000007ae3efe78,0x00000007af700000)
  to   space 20480K, 0% used [0x00000007af800000,0x00000007af800000,0x00000007b0c00000)
 ParOldGen       total 86016K, used 50604K [0x0000000700000000, 0x0000000705400000, 0x00000007aab00000)
  object space 86016K, 58% used [0x0000000700000000,0x000000070316b248,0x0000000705400000)
 Metaspace       used 58457K, committed 59776K, reserved 1114112K
  class space    used 7712K, committed 8384K, reserved 1048576K
}
Event: 9.520 GC heap before
{Heap before GC invocations=14 (full 3):
 PSYoungGen      total 77824K, used 959K [0x00000007aab00000, 0x00000007b0c00000, 0x0000000800000000)
  eden space 57344K, 0% used [0x00000007aab00000,0x00000007aab00000,0x00000007ae300000)
  from space 20480K, 4% used [0x00000007ae300000,0x00000007ae3efe78,0x00000007af700000)
  to   space 20480K, 0% used [0x00000007af800000,0x00000007af800000,0x00000007b0c00000)
 ParOldGen       total 86016K, used 50604K [0x0000000700000000, 0x0000000705400000, 0x00000007aab00000)
  object space 86016K, 58% used [0x0000000700000000,0x000000070316b248,0x0000000705400000)
 Metaspace       used 58457K, committed 59776K, reserved 1114112K
  class space    used 7712K, committed 8384K, reserved 1048576K
}
Event: 9.603 GC heap after
{Heap after GC invocations=14 (full 3):
 PSYoungGen      total 77824K, used 0K [0x00000007aab00000, 0x00000007b0c00000, 0x0000000800000000)
  eden space 57344K, 0% used [0x00000007aab00000,0x00000007aab00000,0x00000007ae300000)
  from space 20480K, 0% used [0x00000007ae300000,0x00000007ae300000,0x00000007af700000)
  to   space 20480K, 0% used [0x00000007af800000,0x00000007af800000,0x00000007b0c00000)
 ParOldGen       total 86016K, used 50947K [0x0000000700000000, 0x0000000705400000, 0x00000007aab00000)
  object space 86016K, 59% used [0x0000000700000000,0x00000007031c0ff8,0x0000000705400000)
 Metaspace       used 58457K, committed 59776K, reserved 1114112K
  class space    used 7712K, committed 8384K, reserved 1048576K
}
Event: 10.531 GC heap before
{Heap before GC invocations=15 (full 3):
 PSYoungGen      total 77824K, used 57325K [0x00000007aab00000, 0x00000007b0c00000, 0x0000000800000000)
  eden space 57344K, 99% used [0x00000007aab00000,0x00000007ae2fb798,0x00000007ae300000)
  from space 20480K, 0% used [0x00000007ae300000,0x00000007ae300000,0x00000007af700000)
  to   space 20480K, 0% used [0x00000007af800000,0x00000007af800000,0x00000007b0c00000)
 ParOldGen       total 86016K, used 50947K [0x0000000700000000, 0x0000000705400000, 0x00000007aab00000)
  object space 86016K, 59% used [0x0000000700000000,0x00000007031c0ff8,0x0000000705400000)
 Metaspace       used 67232K, committed 68672K, reserved 1114112K
  class space    used 8997K, committed 9728K, reserved 1048576K
}
Event: 10.537 GC heap after
{Heap after GC invocations=15 (full 3):
 PSYoungGen      total 79360K, used 4231K [0x00000007aab00000, 0x00000007b2c00000, 0x0000000800000000)
  eden space 58880K, 0% used [0x00000007aab00000,0x00000007aab00000,0x00000007ae480000)
  from space 20480K, 20% used [0x00000007af800000,0x00000007afc21d38,0x00000007b0c00000)
  to   space 19968K, 0% used [0x00000007ae480000,0x00000007ae480000,0x00000007af800000)
 ParOldGen       total 86016K, used 50955K [0x0000000700000000, 0x0000000705400000, 0x00000007aab00000)
  object space 86016K, 59% used [0x0000000700000000,0x00000007031c2ff8,0x0000000705400000)
 Metaspace       used 67232K, committed 68672K, reserved 1114112K
  class space    used 8997K, committed 9728K, reserved 1048576K
}

