# JRE version: OpenJDK Runtime Environment (21.0.6) (build 21.0.6+-13391695-b895.109)
# Java VM: OpenJDK 64-Bit Server VM (21.0.6+-13391695-b895.109, mixed mode, tiered, compressed oops, compressed class ptrs, parallel gc, windows-amd64)
GC Precious Log:
 CardTable entry size: 512
 CPUs: 4 total, 4 available
 Memory: 8025M
 Large Page Support: Disabled
 NUMA Support: Disabled
 Compressed Oops: Enabled (Zero based)
 Alignments: Space 512K, Generation 512K, Heap 2M
 Heap Min Capacity: 8M
 Heap Initial Capacity: 126M
 Heap Max Capacity: 4G
 Pre-touch: Disabled
 Parallel Workers: 4
Heap:
 PSYoungGen      total 1277952K, used 532232K [0x00000007aab00000, 0x00000007fd600000, 0x0000000800000000)
  eden space 1201152K, 43% used [0x00000007aab00000,0x00000007ca8cc4d8,0x00000007f4000000)
  from space 76800K, 13% used [0x00000007f4000000,0x00000007f49f5be0,0x00000007f8b00000)
  to   space 73728K, 0% used [0x00000007f8e00000,0x00000007f8e00000,0x00000007fd600000)
 ParOldGen       total 297472K, used 297252K [0x0000000700000000, 0x0000000712280000, 0x00000007aab00000)
  object space 297472K, 99% used [0x0000000700000000,0x0000000712249000,0x0000000712280000)
 Metaspace       used 216494K, committed 219264K, reserved 1245184K
  class space    used 26539K, committed 27968K, reserved 1048576K
GC Heap History (20 events):
Event: 59.217 GC heap before
{Heap before GC invocations=31 (full 4):
 PSYoungGen      total 339456K, used 309534K [0x00000007aab00000, 0x00000007cb480000, 0x0000000800000000)
  eden space 292864K, 100% used [0x00000007aab00000,0x00000007bc900000,0x00000007bc900000)
  from space 46592K, 35% used [0x00000007bf400000,0x00000007c04479b0,0x00000007c2180000)
  to   space 44032K, 0% used [0x00000007bc900000,0x00000007bc900000,0x00000007bf400000)
 ParOldGen       total 162816K, used 154573K [0x0000000700000000, 0x0000000709f00000, 0x00000007aab00000)
  object space 162816K, 94% used [0x0000000700000000,0x00000007096f35c0,0x0000000709f00000)
 Metaspace       used 110202K, committed 112448K, reserved 1179648K
  class space    used 14588K, committed 15808K, reserved 1048576K
}
Event: 59.303 GC heap after
{Heap after GC invocations=31 (full 4):
 PSYoungGen      total 336896K, used 30508K [0x00000007aab00000, 0x00000007cd100000, 0x0000000800000000)
  eden space 292864K, 0% used [0x00000007aab00000,0x00000007aab00000,0x00000007bc900000)
  from space 44032K, 69% used [0x00000007bc900000,0x00000007be6cb2e8,0x00000007bf400000)
  to   space 47104K, 0% used [0x00000007ca300000,0x00000007ca300000,0x00000007cd100000)
 ParOldGen       total 163328K, used 163111K [0x0000000700000000, 0x0000000709f80000, 0x00000007aab00000)
  object space 163328K, 99% used [0x0000000700000000,0x0000000709f49f10,0x0000000709f80000)
 Metaspace       used 110202K, committed 112448K, reserved 1179648K
  class space    used 14588K, committed 15808K, reserved 1048576K
}
Event: 68.995 GC heap before
{Heap before GC invocations=32 (full 4):
 PSYoungGen      total 336896K, used 323372K [0x00000007aab00000, 0x00000007cd100000, 0x0000000800000000)
  eden space 292864K, 100% used [0x00000007aab00000,0x00000007bc900000,0x00000007bc900000)
  from space 44032K, 69% used [0x00000007bc900000,0x00000007be6cb2e8,0x00000007bf400000)
  to   space 47104K, 0% used [0x00000007ca300000,0x00000007ca300000,0x00000007cd100000)
 ParOldGen       total 163328K, used 163111K [0x0000000700000000, 0x0000000709f80000, 0x00000007aab00000)
  object space 163328K, 99% used [0x0000000700000000,0x0000000709f49f10,0x0000000709f80000)
 Metaspace       used 116899K, committed 119232K, reserved 1179648K
  class space    used 15223K, committed 16448K, reserved 1048576K
}
Event: 69.056 GC heap after
{Heap after GC invocations=32 (full 4):
 PSYoungGen      total 509952K, used 14151K [0x00000007aab00000, 0x00000007ccb00000, 0x0000000800000000)
  eden space 468992K, 0% used [0x00000007aab00000,0x00000007aab00000,0x00000007c7500000)
  from space 40960K, 34% used [0x00000007ca300000,0x00000007cb0d1f80,0x00000007ccb00000)
  to   space 44032K, 0% used [0x00000007c7500000,0x00000007c7500000,0x00000007ca000000)
 ParOldGen       total 184320K, used 184146K [0x0000000700000000, 0x000000070b400000, 0x00000007aab00000)
  object space 184320K, 99% used [0x0000000700000000,0x000000070b3d4b90,0x000000070b400000)
 Metaspace       used 116899K, committed 119232K, reserved 1179648K
  class space    used 15223K, committed 16448K, reserved 1048576K
}
Event: 78.444 GC heap before
{Heap before GC invocations=33 (full 4):
 PSYoungGen      total 509952K, used 483143K [0x00000007aab00000, 0x00000007ccb00000, 0x0000000800000000)
  eden space 468992K, 100% used [0x00000007aab00000,0x00000007c7500000,0x00000007c7500000)
  from space 40960K, 34% used [0x00000007ca300000,0x00000007cb0d1f80,0x00000007ccb00000)
  to   space 44032K, 0% used [0x00000007c7500000,0x00000007c7500000,0x00000007ca000000)
 ParOldGen       total 184320K, used 184146K [0x0000000700000000, 0x000000070b400000, 0x00000007aab00000)
  object space 184320K, 99% used [0x0000000700000000,0x000000070b3d4b90,0x000000070b400000)
 Metaspace       used 133981K, committed 136448K, reserved 1179648K
  class space    used 17333K, committed 18624K, reserved 1048576K
}
Event: 78.525 GC heap after
{Heap after GC invocations=33 (full 4):
 PSYoungGen      total 513024K, used 41207K [0x00000007aab00000, 0x00000007deb00000, 0x0000000800000000)
  eden space 468992K, 0% used [0x00000007aab00000,0x00000007aab00000,0x00000007c7500000)
  from space 44032K, 93% used [0x00000007c7500000,0x00000007c9d3de28,0x00000007ca000000)
  to   space 50688K, 0% used [0x00000007db980000,0x00000007db980000,0x00000007deb00000)
 ParOldGen       total 187904K, used 187780K [0x0000000700000000, 0x000000070b780000, 0x00000007aab00000)
  object space 187904K, 99% used [0x0000000700000000,0x000000070b7610d0,0x000000070b780000)
 Metaspace       used 133981K, committed 136448K, reserved 1179648K
  class space    used 17333K, committed 18624K, reserved 1048576K
}
Event: 79.722 GC heap before
{Heap before GC invocations=34 (full 4):
 PSYoungGen      total 513024K, used 189122K [0x00000007aab00000, 0x00000007deb00000, 0x0000000800000000)
  eden space 468992K, 31% used [0x00000007aab00000,0x00000007b3b72b50,0x00000007c7500000)
  from space 44032K, 93% used [0x00000007c7500000,0x00000007c9d3de28,0x00000007ca000000)
  to   space 50688K, 0% used [0x00000007db980000,0x00000007db980000,0x00000007deb00000)
 ParOldGen       total 187904K, used 187780K [0x0000000700000000, 0x000000070b780000, 0x00000007aab00000)
  object space 187904K, 99% used [0x0000000700000000,0x000000070b7610d0,0x000000070b780000)
 Metaspace       used 134234K, committed 136640K, reserved 1179648K
  class space    used 17354K, committed 18624K, reserved 1048576K
}
Event: 79.764 GC heap after
{Heap after GC invocations=34 (full 4):
 PSYoungGen      total 800256K, used 3232K [0x00000007aab00000, 0x00000007dea00000, 0x0000000800000000)
  eden space 750592K, 0% used [0x00000007aab00000,0x00000007aab00000,0x00000007d8800000)
  from space 49664K, 6% used [0x00000007db980000,0x00000007dbca8020,0x00000007dea00000)
  to   space 50176K, 0% used [0x00000007d8800000,0x00000007d8800000,0x00000007db900000)
 ParOldGen       total 216064K, used 215787K [0x0000000700000000, 0x000000070d300000, 0x00000007aab00000)
  object space 216064K, 99% used [0x0000000700000000,0x000000070d2badf8,0x000000070d300000)
 Metaspace       used 134234K, committed 136640K, reserved 1179648K
  class space    used 17354K, committed 18624K, reserved 1048576K
}
Event: 79.764 GC heap before
{Heap before GC invocations=35 (full 5):
 PSYoungGen      total 800256K, used 3232K [0x00000007aab00000, 0x00000007dea00000, 0x0000000800000000)
  eden space 750592K, 0% used [0x00000007aab00000,0x00000007aab00000,0x00000007d8800000)
  from space 49664K, 6% used [0x00000007db980000,0x00000007dbca8020,0x00000007dea00000)
  to   space 50176K, 0% used [0x00000007d8800000,0x00000007d8800000,0x00000007db900000)
 ParOldGen       total 216064K, used 215787K [0x0000000700000000, 0x000000070d300000, 0x00000007aab00000)
  object space 216064K, 99% used [0x0000000700000000,0x000000070d2badf8,0x000000070d300000)
 Metaspace       used 134234K, committed 136640K, reserved 1179648K
  class space    used 17354K, committed 18624K, reserved 1048576K
}
Event: 80.083 GC heap after
{Heap after GC invocations=35 (full 5):
 PSYoungGen      total 800256K, used 0K [0x00000007aab00000, 0x00000007dea00000, 0x0000000800000000)
  eden space 750592K, 0% used [0x00000007aab00000,0x00000007aab00000,0x00000007d8800000)
  from space 49664K, 0% used [0x00000007db980000,0x00000007db980000,0x00000007dea00000)
  to   space 50176K, 0% used [0x00000007d8800000,0x00000007d8800000,0x00000007db900000)
 ParOldGen       total 216064K, used 132266K [0x0000000700000000, 0x000000070d300000, 0x00000007aab00000)
  object space 216064K, 61% used [0x0000000700000000,0x000000070812ab08,0x000000070d300000)
 Metaspace       used 133949K, committed 136512K, reserved 1179648K
  class space    used 17332K, committed 18624K, reserved 1048576K
}
Event: 97.439 GC heap before
{Heap before GC invocations=36 (full 5):
 PSYoungGen      total 800256K, used 750592K [0x00000007aab00000, 0x00000007dea00000, 0x0000000800000000)
  eden space 750592K, 100% used [0x00000007aab00000,0x00000007d8800000,0x00000007d8800000)
  from space 49664K, 0% used [0x00000007db980000,0x00000007db980000,0x00000007dea00000)
  to   space 50176K, 0% used [0x00000007d8800000,0x00000007d8800000,0x00000007db900000)
 ParOldGen       total 216064K, used 132266K [0x0000000700000000, 0x000000070d300000, 0x00000007aab00000)
  object space 216064K, 61% used [0x0000000700000000,0x000000070812ab08,0x000000070d300000)
 Metaspace       used 176874K, committed 179456K, reserved 1245184K
  class space    used 22238K, committed 23616K, reserved 1048576K
}
Event: 97.585 GC heap after
{Heap after GC invocations=36 (full 5):
 PSYoungGen      total 800768K, used 50151K [0x00000007aab00000, 0x00000007fdc00000, 0x0000000800000000)
  eden space 750592K, 0% used [0x00000007aab00000,0x00000007aab00000,0x00000007d8800000)
  from space 50176K, 99% used [0x00000007d8800000,0x00000007db8f9e38,0x00000007db900000)
  to   space 79872K, 0% used [0x00000007f8e00000,0x00000007f8e00000,0x00000007fdc00000)
 ParOldGen       total 216064K, used 189069K [0x0000000700000000, 0x000000070d300000, 0x00000007aab00000)
  object space 216064K, 87% used [0x0000000700000000,0x000000070b8a34c8,0x000000070d300000)
 Metaspace       used 176874K, committed 179456K, reserved 1245184K
  class space    used 22238K, committed 23616K, reserved 1048576K
}
Event: 103.261 GC heap before
{Heap before GC invocations=37 (full 5):
 PSYoungGen      total 800768K, used 239533K [0x00000007aab00000, 0x00000007fdc00000, 0x0000000800000000)
  eden space 750592K, 25% used [0x00000007aab00000,0x00000007b63f1708,0x00000007d8800000)
  from space 50176K, 99% used [0x00000007d8800000,0x00000007db8f9e38,0x00000007db900000)
  to   space 79872K, 0% used [0x00000007f8e00000,0x00000007f8e00000,0x00000007fdc00000)
 ParOldGen       total 216064K, used 189069K [0x0000000700000000, 0x000000070d300000, 0x00000007aab00000)
  object space 216064K, 87% used [0x0000000700000000,0x000000070b8a34c8,0x000000070d300000)
 Metaspace       used 191258K, committed 193856K, reserved 1245184K
  class space    used 23779K, committed 25152K, reserved 1048576K
}
Event: 103.363 GC heap after
{Heap after GC invocations=37 (full 5):
 PSYoungGen      total 1274880K, used 31812K [0x00000007aab00000, 0x00000007fd600000, 0x0000000800000000)
  eden space 1201152K, 0% used [0x00000007aab00000,0x00000007aab00000,0x00000007f4000000)
  from space 73728K, 43% used [0x00000007f8e00000,0x00000007fad11048,0x00000007fd600000)
  to   space 76800K, 0% used [0x00000007f4000000,0x00000007f4000000,0x00000007f8b00000)
 ParOldGen       total 222720K, used 222478K [0x0000000700000000, 0x000000070d980000, 0x00000007aab00000)
  object space 222720K, 99% used [0x0000000700000000,0x000000070d943a30,0x000000070d980000)
 Metaspace       used 191258K, committed 193856K, reserved 1245184K
  class space    used 23779K, committed 25152K, reserved 1048576K
}
Event: 103.363 GC heap before
{Heap before GC invocations=38 (full 6):
 PSYoungGen      total 1274880K, used 31812K [0x00000007aab00000, 0x00000007fd600000, 0x0000000800000000)
  eden space 1201152K, 0% used [0x00000007aab00000,0x00000007aab00000,0x00000007f4000000)
  from space 73728K, 43% used [0x00000007f8e00000,0x00000007fad11048,0x00000007fd600000)
  to   space 76800K, 0% used [0x00000007f4000000,0x00000007f4000000,0x00000007f8b00000)
 ParOldGen       total 222720K, used 222478K [0x0000000700000000, 0x000000070d980000, 0x00000007aab00000)
  object space 222720K, 99% used [0x0000000700000000,0x000000070d943a30,0x000000070d980000)
 Metaspace       used 191258K, committed 193856K, reserved 1245184K
  class space    used 23779K, committed 25152K, reserved 1048576K
}
Event: 104.216 GC heap after
{Heap after GC invocations=38 (full 6):
 PSYoungGen      total 1274880K, used 22357K [0x00000007aab00000, 0x00000007fd600000, 0x0000000800000000)
  eden space 1201152K, 0% used [0x00000007aab00000,0x00000007aab00000,0x00000007f4000000)
  from space 73728K, 30% used [0x00000007f8e00000,0x00000007fa3d55a0,0x00000007fd600000)
  to   space 76800K, 0% used [0x00000007f4000000,0x00000007f4000000,0x00000007f8b00000)
 ParOldGen       total 222720K, used 222632K [0x0000000700000000, 0x000000070d980000, 0x00000007aab00000)
  object space 222720K, 99% used [0x0000000700000000,0x000000070d96a138,0x000000070d980000)
 Metaspace       used 191258K, committed 193856K, reserved 1245184K
  class space    used 23779K, committed 25152K, reserved 1048576K
}
Event: 179.474 GC heap before
{Heap before GC invocations=39 (full 6):
 PSYoungGen      total 1274880K, used 990552K [0x00000007aab00000, 0x00000007fd600000, 0x0000000800000000)
  eden space 1201152K, 80% used [0x00000007aab00000,0x00000007e5c80ce8,0x00000007f4000000)
  from space 73728K, 30% used [0x00000007f8e00000,0x00000007fa3d55a0,0x00000007fd600000)
  to   space 76800K, 0% used [0x00000007f4000000,0x00000007f4000000,0x00000007f8b00000)
 ParOldGen       total 222720K, used 222632K [0x0000000700000000, 0x000000070d980000, 0x00000007aab00000)
  object space 222720K, 99% used [0x0000000700000000,0x000000070d96a138,0x000000070d980000)
 Metaspace       used 206488K, committed 209280K, reserved 1245184K
  class space    used 25163K, committed 26624K, reserved 1048576K
}
Event: 179.952 GC heap after
{Heap after GC invocations=39 (full 6):
 PSYoungGen      total 1277952K, used 76785K [0x00000007aab00000, 0x00000007fd600000, 0x0000000800000000)
  eden space 1201152K, 0% used [0x00000007aab00000,0x00000007aab00000,0x00000007f4000000)
  from space 76800K, 99% used [0x00000007f4000000,0x00000007f8afc4e8,0x00000007f8b00000)
  to   space 73728K, 0% used [0x00000007f8e00000,0x00000007f8e00000,0x00000007fd600000)
 ParOldGen       total 297472K, used 297127K [0x0000000700000000, 0x0000000712280000, 0x00000007aab00000)
  object space 297472K, 99% used [0x0000000700000000,0x0000000712229cc8,0x0000000712280000)
 Metaspace       used 206488K, committed 209280K, reserved 1245184K
  class space    used 25163K, committed 26624K, reserved 1048576K
}
Event: 179.952 GC heap before
{Heap before GC invocations=40 (full 7):
 PSYoungGen      total 1277952K, used 76785K [0x00000007aab00000, 0x00000007fd600000, 0x0000000800000000)
  eden space 1201152K, 0% used [0x00000007aab00000,0x00000007aab00000,0x00000007f4000000)
  from space 76800K, 99% used [0x00000007f4000000,0x00000007f8afc4e8,0x00000007f8b00000)
  to   space 73728K, 0% used [0x00000007f8e00000,0x00000007f8e00000,0x00000007fd600000)
 ParOldGen       total 297472K, used 297127K [0x0000000700000000, 0x0000000712280000, 0x00000007aab00000)
  object space 297472K, 99% used [0x0000000700000000,0x0000000712229cc8,0x0000000712280000)
 Metaspace       used 206488K, committed 209280K, reserved 1245184K
  class space    used 25163K, committed 26624K, reserved 1048576K
}
Event: 181.813 GC heap after
{Heap after GC invocations=40 (full 7):
 PSYoungGen      total 1277952K, used 10198K [0x00000007aab00000, 0x00000007fd600000, 0x0000000800000000)
  eden space 1201152K, 0% used [0x00000007aab00000,0x00000007aab00000,0x00000007f4000000)
  from space 76800K, 13% used [0x00000007f4000000,0x00000007f49f5be0,0x00000007f8b00000)
  to   space 73728K, 0% used [0x00000007f8e00000,0x00000007f8e00000,0x00000007fd600000)
 ParOldGen       total 297472K, used 297252K [0x0000000700000000, 0x0000000712280000, 0x00000007aab00000)
  object space 297472K, 99% used [0x0000000700000000,0x0000000712249000,0x0000000712280000)
 Metaspace       used 204887K, committed 208192K, reserved 1245184K
  class space    used 25025K, committed 26624K, reserved 1048576K
}

