# JRE version: OpenJDK Runtime Environment Temurin-21.0.8+9 (21.0.8+9) (build 21.0.8+9-LTS)
# Java VM: OpenJDK 64-Bit Server VM Temurin-21.0.8+9 (21.0.8+9-LTS, mixed mode, sharing, tiered, compressed oops, compressed class ptrs, parallel gc, windows-amd64)
GC Precious Log:
 CardTable entry size: 512
 CPUs: 4 total, 4 available
 Memory: 8025M
 Large Page Support: Disabled
 NUMA Support: Disabled
 Compressed Oops: Enabled (32-bit)
 Alignments: Space 512K, Generation 512K, Heap 2M
 Heap Min Capacity: 100M
 Heap Initial Capacity: 100M
 Heap Max Capacity: 2G
 Pre-touch: Disabled
 Parallel Workers: 4
Heap:
 PSYoungGen      total 6144K, used 4733K [0x00000000d5580000, 0x00000000d5e80000, 0x0000000100000000)
  eden space 5632K, 81% used [0x00000000d5580000,0x00000000d59ff7d8,0x00000000d5b00000)
  from space 512K, 25% used [0x00000000d5e00000,0x00000000d5e20000,0x00000000d5e80000)
  to   space 512K, 0% used [0x00000000d5d80000,0x00000000d5d80000,0x00000000d5e00000)
 ParOldGen       total 94208K, used 94019K [0x0000000080000000, 0x0000000085c00000, 0x00000000d5580000)
  object space 94208K, 99% used [0x0000000080000000,0x0000000085bd0fb0,0x0000000085c00000)
 Metaspace       used 77464K, committed 79168K, reserved 1179648K
  class space    used 9540K, committed 10304K, reserved 1048576K
GC Heap History (20 events):
Event: 4351.815 GC heap before
{Heap before GC invocations=226 (full 3):
 PSYoungGen      total 6144K, used 5728K [0x00000000d5580000, 0x00000000d5e80000, 0x0000000100000000)
  eden space 5632K, 100% used [0x00000000d5580000,0x00000000d5b00000,0x00000000d5b00000)
  from space 512K, 18% used [0x00000000d5e00000,0x00000000d5e18000,0x00000000d5e80000)
  to   space 512K, 0% used [0x00000000d5d80000,0x00000000d5d80000,0x00000000d5e00000)
 ParOldGen       total 92672K, used 92273K [0x0000000080000000, 0x0000000085a80000, 0x00000000d5580000)
  object space 92672K, 99% used [0x0000000080000000,0x0000000085a1c558,0x0000000085a80000)
 Metaspace       used 75280K, committed 76992K, reserved 1179648K
  class space    used 9321K, committed 10112K, reserved 1048576K
}
Event: 4351.816 GC heap after
{Heap after GC invocations=226 (full 3):
 PSYoungGen      total 6144K, used 128K [0x00000000d5580000, 0x00000000d5e80000, 0x0000000100000000)
  eden space 5632K, 0% used [0x00000000d5580000,0x00000000d5580000,0x00000000d5b00000)
  from space 512K, 25% used [0x00000000d5d80000,0x00000000d5da0000,0x00000000d5e00000)
  to   space 512K, 0% used [0x00000000d5e00000,0x00000000d5e00000,0x00000000d5e80000)
 ParOldGen       total 92672K, used 92281K [0x0000000080000000, 0x0000000085a80000, 0x00000000d5580000)
  object space 92672K, 99% used [0x0000000080000000,0x0000000085a1e558,0x0000000085a80000)
 Metaspace       used 75280K, committed 76992K, reserved 1179648K
  class space    used 9321K, committed 10112K, reserved 1048576K
}
Event: 4352.476 GC heap before
{Heap before GC invocations=227 (full 3):
 PSYoungGen      total 6144K, used 5760K [0x00000000d5580000, 0x00000000d5e80000, 0x0000000100000000)
  eden space 5632K, 100% used [0x00000000d5580000,0x00000000d5b00000,0x00000000d5b00000)
  from space 512K, 25% used [0x00000000d5d80000,0x00000000d5da0000,0x00000000d5e00000)
  to   space 512K, 0% used [0x00000000d5e00000,0x00000000d5e00000,0x00000000d5e80000)
 ParOldGen       total 92672K, used 92281K [0x0000000080000000, 0x0000000085a80000, 0x00000000d5580000)
  object space 92672K, 99% used [0x0000000080000000,0x0000000085a1e558,0x0000000085a80000)
 Metaspace       used 75280K, committed 76992K, reserved 1179648K
  class space    used 9321K, committed 10112K, reserved 1048576K
}
Event: 4352.476 GC heap after
{Heap after GC invocations=227 (full 3):
 PSYoungGen      total 6144K, used 128K [0x00000000d5580000, 0x00000000d5e80000, 0x0000000100000000)
  eden space 5632K, 0% used [0x00000000d5580000,0x00000000d5580000,0x00000000d5b00000)
  from space 512K, 25% used [0x00000000d5e00000,0x00000000d5e20000,0x00000000d5e80000)
  to   space 512K, 0% used [0x00000000d5d80000,0x00000000d5d80000,0x00000000d5e00000)
 ParOldGen       total 92672K, used 92305K [0x0000000080000000, 0x0000000085a80000, 0x00000000d5580000)
  object space 92672K, 99% used [0x0000000080000000,0x0000000085a24558,0x0000000085a80000)
 Metaspace       used 75280K, committed 76992K, reserved 1179648K
  class space    used 9321K, committed 10112K, reserved 1048576K
}
Event: 4353.132 GC heap before
{Heap before GC invocations=228 (full 3):
 PSYoungGen      total 6144K, used 5760K [0x00000000d5580000, 0x00000000d5e80000, 0x0000000100000000)
  eden space 5632K, 100% used [0x00000000d5580000,0x00000000d5b00000,0x00000000d5b00000)
  from space 512K, 25% used [0x00000000d5e00000,0x00000000d5e20000,0x00000000d5e80000)
  to   space 512K, 0% used [0x00000000d5d80000,0x00000000d5d80000,0x00000000d5e00000)
 ParOldGen       total 92672K, used 92305K [0x0000000080000000, 0x0000000085a80000, 0x00000000d5580000)
  object space 92672K, 99% used [0x0000000080000000,0x0000000085a24558,0x0000000085a80000)
 Metaspace       used 75280K, committed 76992K, reserved 1179648K
  class space    used 9321K, committed 10112K, reserved 1048576K
}
Event: 4353.133 GC heap after
{Heap after GC invocations=228 (full 3):
 PSYoungGen      total 6144K, used 128K [0x00000000d5580000, 0x00000000d5e80000, 0x0000000100000000)
  eden space 5632K, 0% used [0x00000000d5580000,0x00000000d5580000,0x00000000d5b00000)
  from space 512K, 25% used [0x00000000d5d80000,0x00000000d5da0000,0x00000000d5e00000)
  to   space 512K, 0% used [0x00000000d5e00000,0x00000000d5e00000,0x00000000d5e80000)
 ParOldGen       total 92672K, used 92321K [0x0000000080000000, 0x0000000085a80000, 0x00000000d5580000)
  object space 92672K, 99% used [0x0000000080000000,0x0000000085a28558,0x0000000085a80000)
 Metaspace       used 75280K, committed 76992K, reserved 1179648K
  class space    used 9321K, committed 10112K, reserved 1048576K
}
Event: 4354.398 GC heap before
{Heap before GC invocations=229 (full 3):
 PSYoungGen      total 6144K, used 5759K [0x00000000d5580000, 0x00000000d5e80000, 0x0000000100000000)
  eden space 5632K, 99% used [0x00000000d5580000,0x00000000d5affff8,0x00000000d5b00000)
  from space 512K, 25% used [0x00000000d5d80000,0x00000000d5da0000,0x00000000d5e00000)
  to   space 512K, 0% used [0x00000000d5e00000,0x00000000d5e00000,0x00000000d5e80000)
 ParOldGen       total 92672K, used 92321K [0x0000000080000000, 0x0000000085a80000, 0x00000000d5580000)
  object space 92672K, 99% used [0x0000000080000000,0x0000000085a28558,0x0000000085a80000)
 Metaspace       used 75283K, committed 76992K, reserved 1179648K
  class space    used 9322K, committed 10112K, reserved 1048576K
}
Event: 4354.400 GC heap after
{Heap after GC invocations=229 (full 3):
 PSYoungGen      total 6144K, used 256K [0x00000000d5580000, 0x00000000d5e80000, 0x0000000100000000)
  eden space 5632K, 0% used [0x00000000d5580000,0x00000000d5580000,0x00000000d5b00000)
  from space 512K, 50% used [0x00000000d5e00000,0x00000000d5e40000,0x00000000d5e80000)
  to   space 512K, 0% used [0x00000000d5d80000,0x00000000d5d80000,0x00000000d5e00000)
 ParOldGen       total 92672K, used 92321K [0x0000000080000000, 0x0000000085a80000, 0x00000000d5580000)
  object space 92672K, 99% used [0x0000000080000000,0x0000000085a28558,0x0000000085a80000)
 Metaspace       used 75283K, committed 76992K, reserved 1179648K
  class space    used 9322K, committed 10112K, reserved 1048576K
}
Event: 4361.142 GC heap before
{Heap before GC invocations=230 (full 3):
 PSYoungGen      total 6144K, used 5888K [0x00000000d5580000, 0x00000000d5e80000, 0x0000000100000000)
  eden space 5632K, 100% used [0x00000000d5580000,0x00000000d5b00000,0x00000000d5b00000)
  from space 512K, 50% used [0x00000000d5e00000,0x00000000d5e40000,0x00000000d5e80000)
  to   space 512K, 0% used [0x00000000d5d80000,0x00000000d5d80000,0x00000000d5e00000)
 ParOldGen       total 92672K, used 92321K [0x0000000080000000, 0x0000000085a80000, 0x00000000d5580000)
  object space 92672K, 99% used [0x0000000080000000,0x0000000085a28558,0x0000000085a80000)
 Metaspace       used 75363K, committed 77056K, reserved 1179648K
  class space    used 9334K, committed 10112K, reserved 1048576K
}
Event: 4361.148 GC heap after
{Heap after GC invocations=230 (full 3):
 PSYoungGen      total 6144K, used 495K [0x00000000d5580000, 0x00000000d5e80000, 0x0000000100000000)
  eden space 5632K, 0% used [0x00000000d5580000,0x00000000d5580000,0x00000000d5b00000)
  from space 512K, 96% used [0x00000000d5d80000,0x00000000d5dfbfb8,0x00000000d5e00000)
  to   space 512K, 0% used [0x00000000d5e00000,0x00000000d5e00000,0x00000000d5e80000)
 ParOldGen       total 93184K, used 92681K [0x0000000080000000, 0x0000000085b00000, 0x00000000d5580000)
  object space 93184K, 99% used [0x0000000080000000,0x0000000085a82540,0x0000000085b00000)
 Metaspace       used 75363K, committed 77056K, reserved 1179648K
  class space    used 9334K, committed 10112K, reserved 1048576K
}
Event: 4363.725 GC heap before
{Heap before GC invocations=231 (full 3):
 PSYoungGen      total 6144K, used 6109K [0x00000000d5580000, 0x00000000d5e80000, 0x0000000100000000)
  eden space 5632K, 99% used [0x00000000d5580000,0x00000000d5afb5a8,0x00000000d5b00000)
  from space 512K, 96% used [0x00000000d5d80000,0x00000000d5dfbfb8,0x00000000d5e00000)
  to   space 512K, 0% used [0x00000000d5e00000,0x00000000d5e00000,0x00000000d5e80000)
 ParOldGen       total 93184K, used 92681K [0x0000000080000000, 0x0000000085b00000, 0x00000000d5580000)
  object space 93184K, 99% used [0x0000000080000000,0x0000000085a82540,0x0000000085b00000)
 Metaspace       used 76146K, committed 77888K, reserved 1179648K
  class space    used 9396K, committed 10176K, reserved 1048576K
}
Event: 4363.733 GC heap after
{Heap after GC invocations=231 (full 3):
 PSYoungGen      total 6144K, used 504K [0x00000000d5580000, 0x00000000d5e80000, 0x0000000100000000)
  eden space 5632K, 0% used [0x00000000d5580000,0x00000000d5580000,0x00000000d5b00000)
  from space 512K, 98% used [0x00000000d5e00000,0x00000000d5e7e2b8,0x00000000d5e80000)
  to   space 1024K, 0% used [0x00000000d5c80000,0x00000000d5c80000,0x00000000d5d80000)
 ParOldGen       total 93184K, used 93144K [0x0000000080000000, 0x0000000085b00000, 0x00000000d5580000)
  object space 93184K, 99% used [0x0000000080000000,0x0000000085af6348,0x0000000085b00000)
 Metaspace       used 76146K, committed 77888K, reserved 1179648K
  class space    used 9396K, committed 10176K, reserved 1048576K
}
Event: 4364.089 GC heap before
{Heap before GC invocations=232 (full 3):
 PSYoungGen      total 6144K, used 6136K [0x00000000d5580000, 0x00000000d5e80000, 0x0000000100000000)
  eden space 5632K, 100% used [0x00000000d5580000,0x00000000d5b00000,0x00000000d5b00000)
  from space 512K, 98% used [0x00000000d5e00000,0x00000000d5e7e2b8,0x00000000d5e80000)
  to   space 1024K, 0% used [0x00000000d5c80000,0x00000000d5c80000,0x00000000d5d80000)
 ParOldGen       total 93184K, used 93144K [0x0000000080000000, 0x0000000085b00000, 0x00000000d5580000)
  object space 93184K, 99% used [0x0000000080000000,0x0000000085af6348,0x0000000085b00000)
 Metaspace       used 76997K, committed 78656K, reserved 1179648K
  class space    used 9494K, committed 10240K, reserved 1048576K
}
Event: 4364.092 GC heap after
{Heap after GC invocations=232 (full 3):
 PSYoungGen      total 6656K, used 128K [0x00000000d5580000, 0x00000000d5e80000, 0x0000000100000000)
  eden space 5632K, 0% used [0x00000000d5580000,0x00000000d5580000,0x00000000d5b00000)
  from space 1024K, 12% used [0x00000000d5c80000,0x00000000d5ca0000,0x00000000d5d80000)
  to   space 512K, 0% used [0x00000000d5e00000,0x00000000d5e00000,0x00000000d5e80000)
 ParOldGen       total 93696K, used 93655K [0x0000000080000000, 0x0000000085b80000, 0x00000000d5580000)
  object space 93696K, 99% used [0x0000000080000000,0x0000000085b75d40,0x0000000085b80000)
 Metaspace       used 76997K, committed 78656K, reserved 1179648K
  class space    used 9494K, committed 10240K, reserved 1048576K
}
Event: 4364.731 GC heap before
{Heap before GC invocations=233 (full 3):
 PSYoungGen      total 6656K, used 5760K [0x00000000d5580000, 0x00000000d5e80000, 0x0000000100000000)
  eden space 5632K, 100% used [0x00000000d5580000,0x00000000d5b00000,0x00000000d5b00000)
  from space 1024K, 12% used [0x00000000d5c80000,0x00000000d5ca0000,0x00000000d5d80000)
  to   space 512K, 0% used [0x00000000d5e00000,0x00000000d5e00000,0x00000000d5e80000)
 ParOldGen       total 93696K, used 93655K [0x0000000080000000, 0x0000000085b80000, 0x00000000d5580000)
  object space 93696K, 99% used [0x0000000080000000,0x0000000085b75d40,0x0000000085b80000)
 Metaspace       used 77352K, committed 79040K, reserved 1179648K
  class space    used 9531K, committed 10304K, reserved 1048576K
}
Event: 4364.734 GC heap after
{Heap after GC invocations=233 (full 3):
 PSYoungGen      total 6144K, used 487K [0x00000000d5580000, 0x00000000d5e80000, 0x0000000100000000)
  eden space 5632K, 0% used [0x00000000d5580000,0x00000000d5580000,0x00000000d5b00000)
  from space 512K, 95% used [0x00000000d5e00000,0x00000000d5e79f20,0x00000000d5e80000)
  to   space 1024K, 0% used [0x00000000d5c80000,0x00000000d5c80000,0x00000000d5d80000)
 ParOldGen       total 94208K, used 93791K [0x0000000080000000, 0x0000000085c00000, 0x00000000d5580000)
  object space 94208K, 99% used [0x0000000080000000,0x0000000085b97d58,0x0000000085c00000)
 Metaspace       used 77352K, committed 79040K, reserved 1179648K
  class space    used 9531K, committed 10304K, reserved 1048576K
}
Event: 4578.852 GC heap before
{Heap before GC invocations=234 (full 3):
 PSYoungGen      total 6144K, used 6119K [0x00000000d5580000, 0x00000000d5e80000, 0x0000000100000000)
  eden space 5632K, 100% used [0x00000000d5580000,0x00000000d5b00000,0x00000000d5b00000)
  from space 512K, 95% used [0x00000000d5e00000,0x00000000d5e79f20,0x00000000d5e80000)
  to   space 1024K, 0% used [0x00000000d5c80000,0x00000000d5c80000,0x00000000d5d80000)
 ParOldGen       total 94208K, used 93791K [0x0000000080000000, 0x0000000085c00000, 0x00000000d5580000)
  object space 94208K, 99% used [0x0000000080000000,0x0000000085b97d58,0x0000000085c00000)
 Metaspace       used 77355K, committed 79040K, reserved 1179648K
  class space    used 9531K, committed 10304K, reserved 1048576K
}
Event: 4578.923 GC heap after
{Heap after GC invocations=234 (full 3):
 PSYoungGen      total 6656K, used 192K [0x00000000d5580000, 0x00000000d5e80000, 0x0000000100000000)
  eden space 5632K, 0% used [0x00000000d5580000,0x00000000d5580000,0x00000000d5b00000)
  from space 1024K, 18% used [0x00000000d5c80000,0x00000000d5cb0000,0x00000000d5d80000)
  to   space 512K, 0% used [0x00000000d5e00000,0x00000000d5e00000,0x00000000d5e80000)
 ParOldGen       total 94208K, used 93995K [0x0000000080000000, 0x0000000085c00000, 0x00000000d5580000)
  object space 94208K, 99% used [0x0000000080000000,0x0000000085bcafb0,0x0000000085c00000)
 Metaspace       used 77355K, committed 79040K, reserved 1179648K
  class space    used 9531K, committed 10304K, reserved 1048576K
}
Event: 6454.332 GC heap before
{Heap before GC invocations=235 (full 3):
 PSYoungGen      total 6656K, used 5824K [0x00000000d5580000, 0x00000000d5e80000, 0x0000000100000000)
  eden space 5632K, 100% used [0x00000000d5580000,0x00000000d5b00000,0x00000000d5b00000)
  from space 1024K, 18% used [0x00000000d5c80000,0x00000000d5cb0000,0x00000000d5d80000)
  to   space 512K, 0% used [0x00000000d5e00000,0x00000000d5e00000,0x00000000d5e80000)
 ParOldGen       total 94208K, used 93995K [0x0000000080000000, 0x0000000085c00000, 0x00000000d5580000)
  object space 94208K, 99% used [0x0000000080000000,0x0000000085bcafb0,0x0000000085c00000)
 Metaspace       used 77426K, committed 79104K, reserved 1179648K
  class space    used 9539K, committed 10304K, reserved 1048576K
}
Event: 6454.488 GC heap after
{Heap after GC invocations=235 (full 3):
 PSYoungGen      total 6144K, used 128K [0x00000000d5580000, 0x00000000d5e80000, 0x0000000100000000)
  eden space 5632K, 0% used [0x00000000d5580000,0x00000000d5580000,0x00000000d5b00000)
  from space 512K, 25% used [0x00000000d5e00000,0x00000000d5e20000,0x00000000d5e80000)
  to   space 512K, 0% used [0x00000000d5d80000,0x00000000d5d80000,0x00000000d5e00000)
 ParOldGen       total 94208K, used 94019K [0x0000000080000000, 0x0000000085c00000, 0x00000000d5580000)
  object space 94208K, 99% used [0x0000000080000000,0x0000000085bd0fb0,0x0000000085c00000)
 Metaspace       used 77426K, committed 79104K, reserved 1179648K
  class space    used 9539K, committed 10304K, reserved 1048576K
}

