# JRE version: Java(TM) SE Runtime Environment (23.0.2+7) (build 23.0.2+7-58)
# Java VM: Java HotSpot(TM) 64-Bit Server VM (23.0.2+7-58, mixed mode, sharing, tiered, compressed oops, compressed class ptrs, g1 gc, windows-amd64)
GC Precious Log:
 CardTable entry size: 512
 Card Set container configuration: InlinePtr #cards 5 size 8 Array Of Cards #cards 10 size 36 Howl #buckets 4 coarsen threshold 1843 Howl Bitmap #cards 512 size 80 coarsen threshold 460 Card regions per heap region 1 cards per card region 2048
 CPUs: 4 total, 4 available
 Memory: 8025M
 Large Page Support: Disabled
 NUMA Support: Disabled
 Compressed Oops: Enabled (32-bit)
 Heap Region Size: 1M
 Heap Min Capacity: 8M
 Heap Initial Capacity: 126M
 Heap Max Capacity: 2008M
 Pre-touch: Disabled
 Parallel Workers: 4
 Concurrent Workers: 1
 Concurrent Refinement Workers: 4
 Periodic GC: Disabled
Heap:
 garbage-first heap   total reserved 2056192K, committed 45056K, used 32146K [0x0000000082800000, 0x0000000100000000)
  region size 1024K, 13 young (13312K), 1 survivors (1024K)
 Metaspace       used 33807K, committed 34176K, reserved 1114112K
  class space    used 3862K, committed 4032K, reserved 1048576K
GC Heap History (20 events):
Event: 5.819 GC heap before
{Heap before GC invocations=2 (full 0):
 garbage-first heap   total reserved 2056192K, committed 129024K, used 43143K [0x0000000082800000, 0x0000000100000000)
  region size 1024K, 35 young (35840K), 1 survivors (1024K)
 Metaspace       used 19407K, committed 19648K, reserved 1114112K
  class space    used 2188K, committed 2304K, reserved 1048576K
}
Event: 5.825 GC heap after
{Heap after GC invocations=3 (full 0):
 garbage-first heap   total reserved 2056192K, committed 129024K, used 11295K [0x0000000082800000, 0x0000000100000000)
  region size 1024K, 3 young (3072K), 3 survivors (3072K)
 Metaspace       used 19407K, committed 19648K, reserved 1114112K
  class space    used 2188K, committed 2304K, reserved 1048576K
}
Event: 6.851 GC heap before
{Heap before GC invocations=3 (full 0):
 garbage-first heap   total reserved 2056192K, committed 129024K, used 19487K [0x0000000082800000, 0x0000000100000000)
  region size 1024K, 12 young (12288K), 3 survivors (3072K)
 Metaspace       used 21231K, committed 21504K, reserved 1114112K
  class space    used 2420K, committed 2560K, reserved 1048576K
}
Event: 6.858 GC heap after
{Heap after GC invocations=4 (full 0):
 garbage-first heap   total reserved 2056192K, committed 129024K, used 12225K [0x0000000082800000, 0x0000000100000000)
  region size 1024K, 4 young (4096K), 4 survivors (4096K)
 Metaspace       used 21231K, committed 21504K, reserved 1114112K
  class space    used 2420K, committed 2560K, reserved 1048576K
}
Event: 8.286 GC heap before
{Heap before GC invocations=5 (full 0):
 garbage-first heap   total reserved 2056192K, committed 45056K, used 33729K [0x0000000082800000, 0x0000000100000000)
  region size 1024K, 26 young (26624K), 4 survivors (4096K)
 Metaspace       used 27059K, committed 27392K, reserved 1114112K
  class space    used 3135K, committed 3264K, reserved 1048576K
}
Event: 8.301 GC heap after
{Heap after GC invocations=6 (full 0):
 garbage-first heap   total reserved 2056192K, committed 45056K, used 15460K [0x0000000082800000, 0x0000000100000000)
  region size 1024K, 4 young (4096K), 4 survivors (4096K)
 Metaspace       used 27059K, committed 27392K, reserved 1114112K
  class space    used 3135K, committed 3264K, reserved 1048576K
}
Event: 10.629 GC heap before
{Heap before GC invocations=6 (full 0):
 garbage-first heap   total reserved 2056192K, committed 45056K, used 33892K [0x0000000082800000, 0x0000000100000000)
  region size 1024K, 22 young (22528K), 4 survivors (4096K)
 Metaspace       used 31825K, committed 32128K, reserved 1114112K
  class space    used 3659K, committed 3776K, reserved 1048576K
}
Event: 10.641 GC heap after
{Heap after GC invocations=7 (full 0):
 garbage-first heap   total reserved 2056192K, committed 45056K, used 17124K [0x0000000082800000, 0x0000000100000000)
  region size 1024K, 3 young (3072K), 3 survivors (3072K)
 Metaspace       used 31825K, committed 32128K, reserved 1114112K
  class space    used 3659K, committed 3776K, reserved 1048576K
}
Event: 13.155 GC heap before
{Heap before GC invocations=7 (full 0):
 garbage-first heap   total reserved 2056192K, committed 45056K, used 33508K [0x0000000082800000, 0x0000000100000000)
  region size 1024K, 20 young (20480K), 3 survivors (3072K)
 Metaspace       used 33051K, committed 33472K, reserved 1114112K
  class space    used 3804K, committed 3968K, reserved 1048576K
}
Event: 13.160 GC heap after
{Heap after GC invocations=8 (full 0):
 garbage-first heap   total reserved 2056192K, committed 45056K, used 18380K [0x0000000082800000, 0x0000000100000000)
  region size 1024K, 2 young (2048K), 2 survivors (2048K)
 Metaspace       used 33051K, committed 33472K, reserved 1114112K
  class space    used 3804K, committed 3968K, reserved 1048576K
}
Event: 13.594 GC heap before
{Heap before GC invocations=8 (full 0):
 garbage-first heap   total reserved 2056192K, committed 45056K, used 34764K [0x0000000082800000, 0x0000000100000000)
  region size 1024K, 19 young (19456K), 2 survivors (2048K)
 Metaspace       used 33152K, committed 33472K, reserved 1114112K
  class space    used 3808K, committed 3968K, reserved 1048576K
}
Event: 13.596 GC heap after
{Heap after GC invocations=9 (full 0):
 garbage-first heap   total reserved 2056192K, committed 45056K, used 19044K [0x0000000082800000, 0x0000000100000000)
  region size 1024K, 2 young (2048K), 2 survivors (2048K)
 Metaspace       used 33152K, committed 33472K, reserved 1114112K
  class space    used 3808K, committed 3968K, reserved 1048576K
}
Event: 14.355 GC heap before
{Heap before GC invocations=9 (full 0):
 garbage-first heap   total reserved 2056192K, committed 45056K, used 36452K [0x0000000082800000, 0x0000000100000000)
  region size 1024K, 19 young (19456K), 2 survivors (2048K)
 Metaspace       used 33295K, committed 33728K, reserved 1114112K
  class space    used 3808K, committed 3968K, reserved 1048576K
}
Event: 14.358 GC heap after
{Heap after GC invocations=10 (full 0):
 garbage-first heap   total reserved 2056192K, committed 45056K, used 20827K [0x0000000082800000, 0x0000000100000000)
  region size 1024K, 3 young (3072K), 3 survivors (3072K)
 Metaspace       used 33295K, committed 33728K, reserved 1114112K
  class space    used 3808K, committed 3968K, reserved 1048576K
}
Event: 14.579 GC heap before
{Heap before GC invocations=10 (full 0):
 garbage-first heap   total reserved 2056192K, committed 45056K, used 37211K [0x0000000082800000, 0x0000000100000000)
  region size 1024K, 19 young (19456K), 3 survivors (3072K)
 Metaspace       used 33427K, committed 33856K, reserved 1114112K
  class space    used 3824K, committed 4032K, reserved 1048576K
}
Event: 14.581 GC heap after
{Heap after GC invocations=11 (full 0):
 garbage-first heap   total reserved 2056192K, committed 45056K, used 20713K [0x0000000082800000, 0x0000000100000000)
  region size 1024K, 2 young (2048K), 2 survivors (2048K)
 Metaspace       used 33427K, committed 33856K, reserved 1114112K
  class space    used 3824K, committed 4032K, reserved 1048576K
}
Event: 16.181 GC heap before
{Heap before GC invocations=11 (full 0):
 garbage-first heap   total reserved 2056192K, committed 45056K, used 39145K [0x0000000082800000, 0x0000000100000000)
  region size 1024K, 20 young (20480K), 2 survivors (2048K)
 Metaspace       used 33439K, committed 33856K, reserved 1114112K
  class space    used 3824K, committed 4032K, reserved 1048576K
}
Event: 16.183 GC heap after
{Heap after GC invocations=12 (full 0):
 garbage-first heap   total reserved 2056192K, committed 45056K, used 20798K [0x0000000082800000, 0x0000000100000000)
  region size 1024K, 2 young (2048K), 2 survivors (2048K)
 Metaspace       used 33439K, committed 33856K, reserved 1114112K
  class space    used 3824K, committed 4032K, reserved 1048576K
}
Event: 17.601 GC heap before
{Heap before GC invocations=12 (full 0):
 garbage-first heap   total reserved 2056192K, committed 45056K, used 39230K [0x0000000082800000, 0x0000000100000000)
  region size 1024K, 20 young (20480K), 2 survivors (2048K)
 Metaspace       used 33439K, committed 33856K, reserved 1114112K
  class space    used 3824K, committed 4032K, reserved 1048576K
}
Event: 17.602 GC heap after
{Heap after GC invocations=13 (full 0):
 garbage-first heap   total reserved 2056192K, committed 45056K, used 20882K [0x0000000082800000, 0x0000000100000000)
  region size 1024K, 1 young (1024K), 1 survivors (1024K)
 Metaspace       used 33439K, committed 33856K, reserved 1114112K
  class space    used 3824K, committed 4032K, reserved 1048576K
}

