# JRE version: OpenJDK Runtime Environment (21.0.6) (build 21.0.6+-13391695-b895.109)
# Java VM: OpenJDK 64-Bit Server VM (21.0.6+-13391695-b895.109, mixed mode, tiered, compressed oops, compressed class ptrs, parallel gc, windows-amd64)
GC Precious Log:
 CardTable entry size: 512
 CPUs: 4 total, 4 available
 Memory: 8025M
 Large Page Support: Disabled
 NUMA Support: Disabled
 Compressed Oops: Enabled (Zero based)
 Alignments: Space 512K, Generation 512K, Heap 2M
 Heap Min Capacity: 8M
 Heap Initial Capacity: 126M
 Heap Max Capacity: 4G
 Pre-touch: Disabled
 Parallel Workers: 4
Heap:
 PSYoungGen      total 1190912K, used 101654K [0x00000007aab00000, 0x0000000800000000, 0x0000000800000000)
  eden space 1025024K, 9% used [0x00000007aab00000,0x00000007b0e45ac8,0x00000007e9400000)
  from space 165888K, 0% used [0x00000007e9400000,0x00000007e9400000,0x00000007f3600000)
  to   space 163840K, 0% used [0x00000007f6000000,0x00000007f6000000,0x0000000800000000)
 ParOldGen       total 1061888K, used 931025K [0x0000000700000000, 0x0000000740d00000, 0x00000007aab00000)
  object space 1061888K, 87% used [0x0000000700000000,0x0000000738d34660,0x0000000740d00000)
 Metaspace       used 278126K, committed 281024K, reserved 1310720K
  class space    used 34270K, committed 35776K, reserved 1048576K
GC Heap History (20 events):
Event: 209.071 GC heap before
{Heap before GC invocations=40 (full 7):
 PSYoungGen      total 1211904K, used 1103600K [0x00000007aab00000, 0x00000007fff00000, 0x0000000800000000)
  eden space 1028608K, 100% used [0x00000007aab00000,0x00000007e9780000,0x00000007e9780000)
  from space 183296K, 40% used [0x00000007f4b00000,0x00000007f943c200,0x00000007ffe00000)
  to   space 183808K, 0% used [0x00000007e9780000,0x00000007e9780000,0x00000007f4b00000)
 ParOldGen       total 724992K, used 724943K [0x0000000700000000, 0x000000072c400000, 0x00000007aab00000)
  object space 724992K, 99% used [0x0000000700000000,0x000000072c3f3e70,0x000000072c400000)
 Metaspace       used 259975K, committed 262912K, reserved 1310720K
  class space    used 32254K, committed 33792K, reserved 1048576K
}
Event: 209.718 GC heap after
{Heap after GC invocations=40 (full 7):
 PSYoungGen      total 1154560K, used 125888K [0x00000007aab00000, 0x0000000800000000, 0x0000000800000000)
  eden space 1028608K, 0% used [0x00000007aab00000,0x00000007aab00000,0x00000007e9780000)
  from space 125952K, 99% used [0x00000007e9780000,0x00000007f1270360,0x00000007f1280000)
  to   space 193024K, 0% used [0x00000007f4380000,0x00000007f4380000,0x0000000800000000)
 ParOldGen       total 796672K, used 796277K [0x0000000700000000, 0x0000000730a00000, 0x00000007aab00000)
  object space 796672K, 99% used [0x0000000700000000,0x000000073099d5d8,0x0000000730a00000)
 Metaspace       used 259975K, committed 262912K, reserved 1310720K
  class space    used 32254K, committed 33792K, reserved 1048576K
}
Event: 219.786 GC heap before
{Heap before GC invocations=41 (full 7):
 PSYoungGen      total 1154560K, used 780839K [0x00000007aab00000, 0x0000000800000000, 0x0000000800000000)
  eden space 1028608K, 63% used [0x00000007aab00000,0x00000007d2a999b0,0x00000007e9780000)
  from space 125952K, 99% used [0x00000007e9780000,0x00000007f1270360,0x00000007f1280000)
  to   space 193024K, 0% used [0x00000007f4380000,0x00000007f4380000,0x0000000800000000)
 ParOldGen       total 796672K, used 796277K [0x0000000700000000, 0x0000000730a00000, 0x00000007aab00000)
  object space 796672K, 99% used [0x0000000700000000,0x000000073099d5d8,0x0000000730a00000)
 Metaspace       used 267255K, committed 270144K, reserved 1310720K
  class space    used 33104K, committed 34624K, reserved 1048576K
}
Event: 220.110 GC heap after
{Heap after GC invocations=41 (full 7):
 PSYoungGen      total 1212928K, used 77081K [0x00000007aab00000, 0x00000007ffd80000, 0x0000000800000000)
  eden space 1022464K, 0% used [0x00000007aab00000,0x00000007aab00000,0x00000007e9180000)
  from space 190464K, 40% used [0x00000007f4380000,0x00000007f8ec6450,0x00000007ffd80000)
  to   space 182272K, 0% used [0x00000007e9180000,0x00000007e9180000,0x00000007f4380000)
 ParOldGen       total 907264K, used 906999K [0x0000000700000000, 0x0000000737600000, 0x00000007aab00000)
  object space 907264K, 99% used [0x0000000700000000,0x00000007375bdef0,0x0000000737600000)
 Metaspace       used 267255K, committed 270144K, reserved 1310720K
  class space    used 33104K, committed 34624K, reserved 1048576K
}
Event: 220.110 GC heap before
{Heap before GC invocations=42 (full 8):
 PSYoungGen      total 1212928K, used 77081K [0x00000007aab00000, 0x00000007ffd80000, 0x0000000800000000)
  eden space 1022464K, 0% used [0x00000007aab00000,0x00000007aab00000,0x00000007e9180000)
  from space 190464K, 40% used [0x00000007f4380000,0x00000007f8ec6450,0x00000007ffd80000)
  to   space 182272K, 0% used [0x00000007e9180000,0x00000007e9180000,0x00000007f4380000)
 ParOldGen       total 907264K, used 906999K [0x0000000700000000, 0x0000000737600000, 0x00000007aab00000)
  object space 907264K, 99% used [0x0000000700000000,0x00000007375bdef0,0x0000000737600000)
 Metaspace       used 267255K, committed 270144K, reserved 1310720K
  class space    used 33104K, committed 34624K, reserved 1048576K
}
Event: 222.920 GC heap after
{Heap after GC invocations=42 (full 8):
 PSYoungGen      total 1212928K, used 61394K [0x00000007aab00000, 0x00000007ffd80000, 0x0000000800000000)
  eden space 1022464K, 0% used [0x00000007aab00000,0x00000007aab00000,0x00000007e9180000)
  from space 190464K, 32% used [0x00000007f4380000,0x00000007f7f74ae0,0x00000007ffd80000)
  to   space 182272K, 0% used [0x00000007e9180000,0x00000007e9180000,0x00000007f4380000)
 ParOldGen       total 907264K, used 906826K [0x0000000700000000, 0x0000000737600000, 0x00000007aab00000)
  object space 907264K, 99% used [0x0000000700000000,0x0000000737592ae0,0x0000000737600000)
 Metaspace       used 267255K, committed 270144K, reserved 1310720K
  class space    used 33104K, committed 34624K, reserved 1048576K
}
Event: 235.004 GC heap before
{Heap before GC invocations=43 (full 8):
 PSYoungGen      total 1212928K, used 1083858K [0x00000007aab00000, 0x00000007ffd80000, 0x0000000800000000)
  eden space 1022464K, 100% used [0x00000007aab00000,0x00000007e9180000,0x00000007e9180000)
  from space 190464K, 32% used [0x00000007f4380000,0x00000007f7f74ae0,0x00000007ffd80000)
  to   space 182272K, 0% used [0x00000007e9180000,0x00000007e9180000,0x00000007f4380000)
 ParOldGen       total 907264K, used 906826K [0x0000000700000000, 0x0000000737600000, 0x00000007aab00000)
  object space 907264K, 99% used [0x0000000700000000,0x0000000737592ae0,0x0000000737600000)
 Metaspace       used 271039K, committed 273920K, reserved 1310720K
  class space    used 33442K, committed 34944K, reserved 1048576K
}
Event: 235.569 GC heap after
{Heap after GC invocations=43 (full 8):
 PSYoungGen      total 1102336K, used 79658K [0x00000007aab00000, 0x00000007fe600000, 0x0000000800000000)
  eden space 1022464K, 0% used [0x00000007aab00000,0x00000007aab00000,0x00000007e9180000)
  from space 79872K, 99% used [0x00000007e9180000,0x00000007edf4a8f8,0x00000007edf80000)
  to   space 173056K, 0% used [0x00000007f3d00000,0x00000007f3d00000,0x00000007fe600000)
 ParOldGen       total 967680K, used 967321K [0x0000000700000000, 0x000000073b100000, 0x00000007aab00000)
  object space 967680K, 99% used [0x0000000700000000,0x000000073b0a6668,0x000000073b100000)
 Metaspace       used 271039K, committed 273920K, reserved 1310720K
  class space    used 33442K, committed 34944K, reserved 1048576K
}
Event: 244.641 GC heap before
{Heap before GC invocations=44 (full 8):
 PSYoungGen      total 1102336K, used 556571K [0x00000007aab00000, 0x00000007fe600000, 0x0000000800000000)
  eden space 1022464K, 46% used [0x00000007aab00000,0x00000007c7cbc3e8,0x00000007e9180000)
  from space 79872K, 99% used [0x00000007e9180000,0x00000007edf4a8f8,0x00000007edf80000)
  to   space 173056K, 0% used [0x00000007f3d00000,0x00000007f3d00000,0x00000007fe600000)
 ParOldGen       total 967680K, used 967321K [0x0000000700000000, 0x000000073b100000, 0x00000007aab00000)
  object space 967680K, 99% used [0x0000000700000000,0x000000073b0a6668,0x000000073b100000)
 Metaspace       used 274363K, committed 277312K, reserved 1310720K
  class space    used 33890K, committed 35392K, reserved 1048576K
}
Event: 244.886 GC heap after
{Heap after GC invocations=44 (full 8):
 PSYoungGen      total 1183744K, used 60983K [0x00000007aab00000, 0x00000007fd800000, 0x0000000800000000)
  eden space 1025024K, 0% used [0x00000007aab00000,0x00000007aab00000,0x00000007e9400000)
  from space 158720K, 38% used [0x00000007f3d00000,0x00000007f788dcc0,0x00000007fd800000)
  to   space 165888K, 0% used [0x00000007e9400000,0x00000007e9400000,0x00000007f3600000)
 ParOldGen       total 1023488K, used 1023253K [0x0000000700000000, 0x000000073e780000, 0x00000007aab00000)
  object space 1023488K, 99% used [0x0000000700000000,0x000000073e7455e8,0x000000073e780000)
 Metaspace       used 274363K, committed 277312K, reserved 1310720K
  class space    used 33890K, committed 35392K, reserved 1048576K
}
Event: 244.886 GC heap before
{Heap before GC invocations=45 (full 9):
 PSYoungGen      total 1183744K, used 60983K [0x00000007aab00000, 0x00000007fd800000, 0x0000000800000000)
  eden space 1025024K, 0% used [0x00000007aab00000,0x00000007aab00000,0x00000007e9400000)
  from space 158720K, 38% used [0x00000007f3d00000,0x00000007f788dcc0,0x00000007fd800000)
  to   space 165888K, 0% used [0x00000007e9400000,0x00000007e9400000,0x00000007f3600000)
 ParOldGen       total 1023488K, used 1023253K [0x0000000700000000, 0x000000073e780000, 0x00000007aab00000)
  object space 1023488K, 99% used [0x0000000700000000,0x000000073e7455e8,0x000000073e780000)
 Metaspace       used 274363K, committed 277312K, reserved 1310720K
  class space    used 33890K, committed 35392K, reserved 1048576K
}
Event: 248.981 GC heap after
{Heap after GC invocations=45 (full 9):
 PSYoungGen      total 1183744K, used 7098K [0x00000007aab00000, 0x00000007fd800000, 0x0000000800000000)
  eden space 1025024K, 0% used [0x00000007aab00000,0x00000007aab00000,0x00000007e9400000)
  from space 158720K, 4% used [0x00000007f3d00000,0x00000007f43eebc0,0x00000007fd800000)
  to   space 165888K, 0% used [0x00000007e9400000,0x00000007e9400000,0x00000007f3600000)
 ParOldGen       total 1023488K, used 1023416K [0x0000000700000000, 0x000000073e780000, 0x00000007aab00000)
  object space 1023488K, 99% used [0x0000000700000000,0x000000073e76e240,0x000000073e780000)
 Metaspace       used 274341K, committed 277312K, reserved 1310720K
  class space    used 33884K, committed 35392K, reserved 1048576K
}
Event: 264.260 GC heap before
{Heap before GC invocations=46 (full 9):
 PSYoungGen      total 1183744K, used 1032122K [0x00000007aab00000, 0x00000007fd800000, 0x0000000800000000)
  eden space 1025024K, 100% used [0x00000007aab00000,0x00000007e9400000,0x00000007e9400000)
  from space 158720K, 4% used [0x00000007f3d00000,0x00000007f43eebc0,0x00000007fd800000)
  to   space 165888K, 0% used [0x00000007e9400000,0x00000007e9400000,0x00000007f3600000)
 ParOldGen       total 1023488K, used 1023416K [0x0000000700000000, 0x000000073e780000, 0x00000007aab00000)
  object space 1023488K, 99% used [0x0000000700000000,0x000000073e76e240,0x000000073e780000)
 Metaspace       used 277826K, committed 280704K, reserved 1310720K
  class space    used 34261K, committed 35776K, reserved 1048576K
}
Event: 264.694 GC heap after
{Heap after GC invocations=46 (full 9):
 PSYoungGen      total 1190912K, used 31320K [0x00000007aab00000, 0x00000007fd800000, 0x0000000800000000)
  eden space 1025024K, 0% used [0x00000007aab00000,0x00000007aab00000,0x00000007e9400000)
  from space 165888K, 18% used [0x00000007e9400000,0x00000007eb296190,0x00000007f3600000)
  to   space 158720K, 0% used [0x00000007f3d00000,0x00000007f3d00000,0x00000007fd800000)
 ParOldGen       total 1030656K, used 1030552K [0x0000000700000000, 0x000000073ee80000, 0x00000007aab00000)
  object space 1030656K, 99% used [0x0000000700000000,0x000000073ee66240,0x000000073ee80000)
 Metaspace       used 277826K, committed 280704K, reserved 1310720K
  class space    used 34261K, committed 35776K, reserved 1048576K
}
Event: 269.819 GC heap before
{Heap before GC invocations=47 (full 9):
 PSYoungGen      total 1190912K, used 1056344K [0x00000007aab00000, 0x00000007fd800000, 0x0000000800000000)
  eden space 1025024K, 100% used [0x00000007aab00000,0x00000007e9400000,0x00000007e9400000)
  from space 165888K, 18% used [0x00000007e9400000,0x00000007eb296190,0x00000007f3600000)
  to   space 158720K, 0% used [0x00000007f3d00000,0x00000007f3d00000,0x00000007fd800000)
 ParOldGen       total 1030656K, used 1030552K [0x0000000700000000, 0x000000073ee80000, 0x00000007aab00000)
  object space 1030656K, 99% used [0x0000000700000000,0x000000073ee66240,0x000000073ee80000)
 Metaspace       used 278036K, committed 280896K, reserved 1310720K
  class space    used 34270K, committed 35776K, reserved 1048576K
}
Event: 269.937 GC heap after
{Heap after GC invocations=47 (full 9):
 PSYoungGen      total 1183744K, used 15511K [0x00000007aab00000, 0x00000007fd800000, 0x0000000800000000)
  eden space 1025024K, 0% used [0x00000007aab00000,0x00000007aab00000,0x00000007e9400000)
  from space 158720K, 9% used [0x00000007f3d00000,0x00000007f4c25e00,0x00000007fd800000)
  to   space 165888K, 0% used [0x00000007e9400000,0x00000007e9400000,0x00000007f3600000)
 ParOldGen       total 1052160K, used 1051697K [0x0000000700000000, 0x0000000740380000, 0x00000007aab00000)
  object space 1052160K, 99% used [0x0000000700000000,0x000000074030c488,0x0000000740380000)
 Metaspace       used 278036K, committed 280896K, reserved 1310720K
  class space    used 34270K, committed 35776K, reserved 1048576K
}
Event: 272.319 GC heap before
{Heap before GC invocations=48 (full 9):
 PSYoungGen      total 1183744K, used 1040535K [0x00000007aab00000, 0x00000007fd800000, 0x0000000800000000)
  eden space 1025024K, 100% used [0x00000007aab00000,0x00000007e9400000,0x00000007e9400000)
  from space 158720K, 9% used [0x00000007f3d00000,0x00000007f4c25e00,0x00000007fd800000)
  to   space 165888K, 0% used [0x00000007e9400000,0x00000007e9400000,0x00000007f3600000)
 ParOldGen       total 1052160K, used 1051697K [0x0000000700000000, 0x0000000740380000, 0x00000007aab00000)
  object space 1052160K, 99% used [0x0000000700000000,0x000000074030c488,0x0000000740380000)
 Metaspace       used 278127K, committed 281024K, reserved 1310720K
  class space    used 34270K, committed 35776K, reserved 1048576K
}
Event: 272.420 GC heap after
{Heap after GC invocations=48 (full 9):
 PSYoungGen      total 1183744K, used 1040535K [0x00000007aab00000, 0x00000007fd800000, 0x0000000800000000)
  eden space 1025024K, 100% used [0x00000007aab00000,0x00000007e9400000,0x00000007e9400000)
  from space 158720K, 9% used [0x00000007f3d00000,0x00000007f4c25e00,0x00000007fd800000)
  to   space 165888K, 9% used [0x00000007e9400000,0x00000007ea2d38d8,0x00000007f3600000)
 ParOldGen       total 1061888K, used 1061881K [0x0000000700000000, 0x0000000740d00000, 0x00000007aab00000)
  object space 1061888K, 99% used [0x0000000700000000,0x0000000740cfe7c8,0x0000000740d00000)
 Metaspace       used 278127K, committed 281024K, reserved 1310720K
  class space    used 34270K, committed 35776K, reserved 1048576K
}
Event: 272.420 GC heap before
{Heap before GC invocations=49 (full 10):
 PSYoungGen      total 1183744K, used 1040535K [0x00000007aab00000, 0x00000007fd800000, 0x0000000800000000)
  eden space 1025024K, 100% used [0x00000007aab00000,0x00000007e9400000,0x00000007e9400000)
  from space 158720K, 9% used [0x00000007f3d00000,0x00000007f4c25e00,0x00000007fd800000)
  to   space 165888K, 9% used [0x00000007e9400000,0x00000007ea2d38d8,0x00000007f3600000)
 ParOldGen       total 1061888K, used 1061881K [0x0000000700000000, 0x0000000740d00000, 0x00000007aab00000)
  object space 1061888K, 99% used [0x0000000700000000,0x0000000740cfe7c8,0x0000000740d00000)
 Metaspace       used 278127K, committed 281024K, reserved 1310720K
  class space    used 34270K, committed 35776K, reserved 1048576K
}
Event: 275.095 GC heap after
{Heap after GC invocations=49 (full 10):
 PSYoungGen      total 1190912K, used 0K [0x00000007aab00000, 0x0000000800000000, 0x0000000800000000)
  eden space 1025024K, 0% used [0x00000007aab00000,0x00000007aab00000,0x00000007e9400000)
  from space 165888K, 0% used [0x00000007e9400000,0x00000007e9400000,0x00000007f3600000)
  to   space 163840K, 0% used [0x00000007f6000000,0x00000007f6000000,0x0000000800000000)
 ParOldGen       total 1061888K, used 931025K [0x0000000700000000, 0x0000000740d00000, 0x00000007aab00000)
  object space 1061888K, 87% used [0x0000000700000000,0x0000000738d34660,0x0000000740d00000)
 Metaspace       used 278126K, committed 281024K, reserved 1310720K
  class space    used 34270K, committed 35776K, reserved 1048576K
}

