# JRE version: Java(TM) SE Runtime Environment (23.0.2+7) (build 23.0.2+7-58)
# Java VM: Java HotSpot(TM) 64-Bit Server VM (23.0.2+7-58, mixed mode, sharing, tiered, compressed oops, compressed class ptrs, parallel gc, windows-amd64)
GC Precious Log:
 CardTable entry size: 512
 CPUs: 4 total, 4 available
 Memory: 8025M
 Large Page Support: Disabled
 NUMA Support: Disabled
 Compressed Oops: Enabled (Zero based)
 Alignments: Space 512K, Generation 512K, Heap 2M
 Heap Min Capacity: 8M
 Heap Initial Capacity: 126M
 Heap Max Capacity: 4G
 Pre-touch: Disabled
 Parallel Workers: 4
Heap:
 PSYoungGen      total 30720K, used 13010K [0x00000007aab00000, 0x00000007ad480000, 0x0000000800000000)
  eden space 24064K, 26% used [0x00000007aab00000,0x00000007ab13c6f0,0x00000007ac280000)
  from space 6656K, 99% used [0x00000007ac280000,0x00000007ac8f84a8,0x00000007ac900000)
  to   space 9216K, 0% used [0x00000007acb80000,0x00000007acb80000,0x00000007ad480000)
 ParOldGen       total 86016K, used 70756K [0x0000000700000000, 0x0000000705400000, 0x00000007aab00000)
  object space 86016K, 82% used [0x0000000700000000,0x00000007045190f0,0x0000000705400000)
 Metaspace       used 69454K, committed 71808K, reserved 1114112K
  class space    used 10217K, committed 11392K, reserved 1048576K
GC Heap History (20 events):
Event: 67.351 GC heap before
{Heap before GC invocations=27 (full 3):
 PSYoungGen      total 33280K, used 28576K [0x00000007aab00000, 0x00000007ad480000, 0x0000000800000000)
  eden space 24064K, 100% used [0x00000007aab00000,0x00000007ac280000,0x00000007ac280000)
  from space 9216K, 48% used [0x00000007ac280000,0x00000007ac6e8000,0x00000007acb80000)
  to   space 9216K, 0% used [0x00000007acb80000,0x00000007acb80000,0x00000007ad480000)
 ParOldGen       total 86016K, used 59241K [0x0000000700000000, 0x0000000705400000, 0x00000007aab00000)
  object space 86016K, 68% used [0x0000000700000000,0x00000007039da4d0,0x0000000705400000)
 Metaspace       used 67920K, committed 70208K, reserved 1114112K
  class space    used 10035K, committed 11136K, reserved 1048576K
}
Event: 67.359 GC heap after
{Heap after GC invocations=27 (full 3):
 PSYoungGen      total 32256K, used 3104K [0x00000007aab00000, 0x00000007ad380000, 0x0000000800000000)
  eden space 24064K, 0% used [0x00000007aab00000,0x00000007aab00000,0x00000007ac280000)
  from space 8192K, 37% used [0x00000007acb80000,0x00000007ace88000,0x00000007ad380000)
  to   space 8704K, 0% used [0x00000007ac280000,0x00000007ac280000,0x00000007acb00000)
 ParOldGen       total 86016K, used 61141K [0x0000000700000000, 0x0000000705400000, 0x00000007aab00000)
  object space 86016K, 71% used [0x0000000700000000,0x0000000703bb54e0,0x0000000705400000)
 Metaspace       used 67920K, committed 70208K, reserved 1114112K
  class space    used 10035K, committed 11136K, reserved 1048576K
}
Event: 70.999 GC heap before
{Heap before GC invocations=28 (full 3):
 PSYoungGen      total 32256K, used 27164K [0x00000007aab00000, 0x00000007ad380000, 0x0000000800000000)
  eden space 24064K, 99% used [0x00000007aab00000,0x00000007ac27f2c8,0x00000007ac280000)
  from space 8192K, 37% used [0x00000007acb80000,0x00000007ace88000,0x00000007ad380000)
  to   space 8704K, 0% used [0x00000007ac280000,0x00000007ac280000,0x00000007acb00000)
 ParOldGen       total 86016K, used 61141K [0x0000000700000000, 0x0000000705400000, 0x00000007aab00000)
  object space 86016K, 71% used [0x0000000700000000,0x0000000703bb54e0,0x0000000705400000)
 Metaspace       used 68287K, committed 70592K, reserved 1114112K
  class space    used 10068K, committed 11200K, reserved 1048576K
}
Event: 71.005 GC heap after
{Heap after GC invocations=28 (full 3):
 PSYoungGen      total 28160K, used 3808K [0x00000007aab00000, 0x00000007ad280000, 0x0000000800000000)
  eden space 24064K, 0% used [0x00000007aab00000,0x00000007aab00000,0x00000007ac280000)
  from space 4096K, 92% used [0x00000007ac280000,0x00000007ac638000,0x00000007ac680000)
  to   space 8192K, 0% used [0x00000007aca80000,0x00000007aca80000,0x00000007ad280000)
 ParOldGen       total 86016K, used 61809K [0x0000000700000000, 0x0000000705400000, 0x00000007aab00000)
  object space 86016K, 71% used [0x0000000700000000,0x0000000703c5c510,0x0000000705400000)
 Metaspace       used 68287K, committed 70592K, reserved 1114112K
  class space    used 10068K, committed 11200K, reserved 1048576K
}
Event: 73.125 GC heap before
{Heap before GC invocations=29 (full 3):
 PSYoungGen      total 28160K, used 27872K [0x00000007aab00000, 0x00000007ad280000, 0x0000000800000000)
  eden space 24064K, 100% used [0x00000007aab00000,0x00000007ac280000,0x00000007ac280000)
  from space 4096K, 92% used [0x00000007ac280000,0x00000007ac638000,0x00000007ac680000)
  to   space 8192K, 0% used [0x00000007aca80000,0x00000007aca80000,0x00000007ad280000)
 ParOldGen       total 86016K, used 61809K [0x0000000700000000, 0x0000000705400000, 0x00000007aab00000)
  object space 86016K, 71% used [0x0000000700000000,0x0000000703c5c510,0x0000000705400000)
 Metaspace       used 68748K, committed 71040K, reserved 1114112K
  class space    used 10108K, committed 11264K, reserved 1048576K
}
Event: 73.136 GC heap after
{Heap after GC invocations=29 (full 3):
 PSYoungGen      total 32256K, used 4480K [0x00000007aab00000, 0x00000007ad280000, 0x0000000800000000)
  eden space 24064K, 0% used [0x00000007aab00000,0x00000007aab00000,0x00000007ac280000)
  from space 8192K, 54% used [0x00000007aca80000,0x00000007acee0010,0x00000007ad280000)
  to   space 8192K, 0% used [0x00000007ac280000,0x00000007ac280000,0x00000007aca80000)
 ParOldGen       total 86016K, used 62457K [0x0000000700000000, 0x0000000705400000, 0x00000007aab00000)
  object space 86016K, 72% used [0x0000000700000000,0x0000000703cfe510,0x0000000705400000)
 Metaspace       used 68748K, committed 71040K, reserved 1114112K
  class space    used 10108K, committed 11264K, reserved 1048576K
}
Event: 74.286 GC heap before
{Heap before GC invocations=30 (full 3):
 PSYoungGen      total 32256K, used 28544K [0x00000007aab00000, 0x00000007ad280000, 0x0000000800000000)
  eden space 24064K, 100% used [0x00000007aab00000,0x00000007ac280000,0x00000007ac280000)
  from space 8192K, 54% used [0x00000007aca80000,0x00000007acee0010,0x00000007ad280000)
  to   space 8192K, 0% used [0x00000007ac280000,0x00000007ac280000,0x00000007aca80000)
 ParOldGen       total 86016K, used 62457K [0x0000000700000000, 0x0000000705400000, 0x00000007aab00000)
  object space 86016K, 72% used [0x0000000700000000,0x0000000703cfe510,0x0000000705400000)
 Metaspace       used 68802K, committed 71168K, reserved 1114112K
  class space    used 10116K, committed 11264K, reserved 1048576K
}
Event: 74.293 GC heap after
{Heap after GC invocations=30 (full 3):
 PSYoungGen      total 28160K, used 3648K [0x00000007aab00000, 0x00000007ad180000, 0x0000000800000000)
  eden space 24064K, 0% used [0x00000007aab00000,0x00000007aab00000,0x00000007ac280000)
  from space 4096K, 89% used [0x00000007ac280000,0x00000007ac610000,0x00000007ac680000)
  to   space 7680K, 0% used [0x00000007aca00000,0x00000007aca00000,0x00000007ad180000)
 ParOldGen       total 86016K, used 63117K [0x0000000700000000, 0x0000000705400000, 0x00000007aab00000)
  object space 86016K, 73% used [0x0000000700000000,0x0000000703da3550,0x0000000705400000)
 Metaspace       used 68802K, committed 71168K, reserved 1114112K
  class space    used 10116K, committed 11264K, reserved 1048576K
}
Event: 75.616 GC heap before
{Heap before GC invocations=31 (full 3):
 PSYoungGen      total 28160K, used 27712K [0x00000007aab00000, 0x00000007ad180000, 0x0000000800000000)
  eden space 24064K, 100% used [0x00000007aab00000,0x00000007ac280000,0x00000007ac280000)
  from space 4096K, 89% used [0x00000007ac280000,0x00000007ac610000,0x00000007ac680000)
  to   space 7680K, 0% used [0x00000007aca00000,0x00000007aca00000,0x00000007ad180000)
 ParOldGen       total 86016K, used 63117K [0x0000000700000000, 0x0000000705400000, 0x00000007aab00000)
  object space 86016K, 73% used [0x0000000700000000,0x0000000703da3550,0x0000000705400000)
 Metaspace       used 68874K, committed 71232K, reserved 1114112K
  class space    used 10130K, committed 11264K, reserved 1048576K
}
Event: 75.620 GC heap after
{Heap after GC invocations=31 (full 3):
 PSYoungGen      total 31744K, used 3456K [0x00000007aab00000, 0x00000007ad180000, 0x0000000800000000)
  eden space 24064K, 0% used [0x00000007aab00000,0x00000007aab00000,0x00000007ac280000)
  from space 7680K, 45% used [0x00000007aca00000,0x00000007acd60000,0x00000007ad180000)
  to   space 7680K, 0% used [0x00000007ac280000,0x00000007ac280000,0x00000007aca00000)
 ParOldGen       total 86016K, used 63673K [0x0000000700000000, 0x0000000705400000, 0x00000007aab00000)
  object space 86016K, 74% used [0x0000000700000000,0x0000000703e2e5a0,0x0000000705400000)
 Metaspace       used 68874K, committed 71232K, reserved 1114112K
  class space    used 10130K, committed 11264K, reserved 1048576K
}
Event: 76.057 GC heap before
{Heap before GC invocations=32 (full 3):
 PSYoungGen      total 31744K, used 27520K [0x00000007aab00000, 0x00000007ad180000, 0x0000000800000000)
  eden space 24064K, 100% used [0x00000007aab00000,0x00000007ac280000,0x00000007ac280000)
  from space 7680K, 45% used [0x00000007aca00000,0x00000007acd60000,0x00000007ad180000)
  to   space 7680K, 0% used [0x00000007ac280000,0x00000007ac280000,0x00000007aca00000)
 ParOldGen       total 86016K, used 63673K [0x0000000700000000, 0x0000000705400000, 0x00000007aab00000)
  object space 86016K, 74% used [0x0000000700000000,0x0000000703e2e5a0,0x0000000705400000)
 Metaspace       used 68879K, committed 71232K, reserved 1114112K
  class space    used 10130K, committed 11264K, reserved 1048576K
}
Event: 76.061 GC heap after
{Heap after GC invocations=32 (full 3):
 PSYoungGen      total 27648K, used 3104K [0x00000007aab00000, 0x00000007ad080000, 0x0000000800000000)
  eden space 24064K, 0% used [0x00000007aab00000,0x00000007aab00000,0x00000007ac280000)
  from space 3584K, 86% used [0x00000007ac280000,0x00000007ac588000,0x00000007ac600000)
  to   space 7168K, 0% used [0x00000007ac980000,0x00000007ac980000,0x00000007ad080000)
 ParOldGen       total 86016K, used 64209K [0x0000000700000000, 0x0000000705400000, 0x00000007aab00000)
  object space 86016K, 74% used [0x0000000700000000,0x0000000703eb45a0,0x0000000705400000)
 Metaspace       used 68879K, committed 71232K, reserved 1114112K
  class space    used 10130K, committed 11264K, reserved 1048576K
}
Event: 76.436 GC heap before
{Heap before GC invocations=33 (full 3):
 PSYoungGen      total 27648K, used 27168K [0x00000007aab00000, 0x00000007ad080000, 0x0000000800000000)
  eden space 24064K, 100% used [0x00000007aab00000,0x00000007ac280000,0x00000007ac280000)
  from space 3584K, 86% used [0x00000007ac280000,0x00000007ac588000,0x00000007ac600000)
  to   space 7168K, 0% used [0x00000007ac980000,0x00000007ac980000,0x00000007ad080000)
 ParOldGen       total 86016K, used 64209K [0x0000000700000000, 0x0000000705400000, 0x00000007aab00000)
  object space 86016K, 74% used [0x0000000700000000,0x0000000703eb45a0,0x0000000705400000)
 Metaspace       used 68896K, committed 71232K, reserved 1114112K
  class space    used 10131K, committed 11264K, reserved 1048576K
}
Event: 76.444 GC heap after
{Heap after GC invocations=33 (full 3):
 PSYoungGen      total 31232K, used 3968K [0x00000007aab00000, 0x00000007ad080000, 0x0000000800000000)
  eden space 24064K, 0% used [0x00000007aab00000,0x00000007aab00000,0x00000007ac280000)
  from space 7168K, 55% used [0x00000007ac980000,0x00000007acd60000,0x00000007ad080000)
  to   space 7168K, 0% used [0x00000007ac280000,0x00000007ac280000,0x00000007ac980000)
 ParOldGen       total 86016K, used 64769K [0x0000000700000000, 0x0000000705400000, 0x00000007aab00000)
  object space 86016K, 75% used [0x0000000700000000,0x0000000703f405a0,0x0000000705400000)
 Metaspace       used 68896K, committed 71232K, reserved 1114112K
  class space    used 10131K, committed 11264K, reserved 1048576K
}
Event: 76.906 GC heap before
{Heap before GC invocations=34 (full 3):
 PSYoungGen      total 31232K, used 28032K [0x00000007aab00000, 0x00000007ad080000, 0x0000000800000000)
  eden space 24064K, 100% used [0x00000007aab00000,0x00000007ac280000,0x00000007ac280000)
  from space 7168K, 55% used [0x00000007ac980000,0x00000007acd60000,0x00000007ad080000)
  to   space 7168K, 0% used [0x00000007ac280000,0x00000007ac280000,0x00000007ac980000)
 ParOldGen       total 86016K, used 64769K [0x0000000700000000, 0x0000000705400000, 0x00000007aab00000)
  object space 86016K, 75% used [0x0000000700000000,0x0000000703f405a0,0x0000000705400000)
 Metaspace       used 68899K, committed 71232K, reserved 1114112K
  class space    used 10131K, committed 11264K, reserved 1048576K
}
Event: 76.910 GC heap after
{Heap after GC invocations=34 (full 3):
 PSYoungGen      total 27648K, used 3184K [0x00000007aab00000, 0x00000007acf80000, 0x0000000800000000)
  eden space 24064K, 0% used [0x00000007aab00000,0x00000007aab00000,0x00000007ac280000)
  from space 3584K, 88% used [0x00000007ac280000,0x00000007ac59c010,0x00000007ac600000)
  to   space 6656K, 0% used [0x00000007ac900000,0x00000007ac900000,0x00000007acf80000)
 ParOldGen       total 86016K, used 65473K [0x0000000700000000, 0x0000000705400000, 0x00000007aab00000)
  object space 86016K, 76% used [0x0000000700000000,0x0000000703ff05b0,0x0000000705400000)
 Metaspace       used 68899K, committed 71232K, reserved 1114112K
  class space    used 10131K, committed 11264K, reserved 1048576K
}
Event: 81.847 GC heap before
{Heap before GC invocations=35 (full 3):
 PSYoungGen      total 27648K, used 27248K [0x00000007aab00000, 0x00000007acf80000, 0x0000000800000000)
  eden space 24064K, 100% used [0x00000007aab00000,0x00000007ac280000,0x00000007ac280000)
  from space 3584K, 88% used [0x00000007ac280000,0x00000007ac59c010,0x00000007ac600000)
  to   space 6656K, 0% used [0x00000007ac900000,0x00000007ac900000,0x00000007acf80000)
 ParOldGen       total 86016K, used 65473K [0x0000000700000000, 0x0000000705400000, 0x00000007aab00000)
  object space 86016K, 76% used [0x0000000700000000,0x0000000703ff05b0,0x0000000705400000)
 Metaspace       used 69020K, committed 71424K, reserved 1114112K
  class space    used 10152K, committed 11328K, reserved 1048576K
}
Event: 81.851 GC heap after
{Heap after GC invocations=35 (full 3):
 PSYoungGen      total 30720K, used 3008K [0x00000007aab00000, 0x00000007acf80000, 0x0000000800000000)
  eden space 24064K, 0% used [0x00000007aab00000,0x00000007aab00000,0x00000007ac280000)
  from space 6656K, 45% used [0x00000007ac900000,0x00000007acbf0000,0x00000007acf80000)
  to   space 6656K, 0% used [0x00000007ac280000,0x00000007ac280000,0x00000007ac900000)
 ParOldGen       total 86016K, used 66225K [0x0000000700000000, 0x0000000705400000, 0x00000007aab00000)
  object space 86016K, 76% used [0x0000000700000000,0x00000007040ac640,0x0000000705400000)
 Metaspace       used 69020K, committed 71424K, reserved 1114112K
  class space    used 10152K, committed 11328K, reserved 1048576K
}
Event: 86.593 GC heap before
{Heap before GC invocations=36 (full 3):
 PSYoungGen      total 30720K, used 27072K [0x00000007aab00000, 0x00000007acf80000, 0x0000000800000000)
  eden space 24064K, 100% used [0x00000007aab00000,0x00000007ac280000,0x00000007ac280000)
  from space 6656K, 45% used [0x00000007ac900000,0x00000007acbf0000,0x00000007acf80000)
  to   space 6656K, 0% used [0x00000007ac280000,0x00000007ac280000,0x00000007ac900000)
 ParOldGen       total 86016K, used 66225K [0x0000000700000000, 0x0000000705400000, 0x00000007aab00000)
  object space 86016K, 76% used [0x0000000700000000,0x00000007040ac640,0x0000000705400000)
 Metaspace       used 69268K, committed 71616K, reserved 1114112K
  class space    used 10186K, committed 11328K, reserved 1048576K
}
Event: 86.605 GC heap after
{Heap after GC invocations=36 (full 3):
 PSYoungGen      total 30720K, used 6625K [0x00000007aab00000, 0x00000007ad480000, 0x0000000800000000)
  eden space 24064K, 0% used [0x00000007aab00000,0x00000007aab00000,0x00000007ac280000)
  from space 6656K, 99% used [0x00000007ac280000,0x00000007ac8f84a8,0x00000007ac900000)
  to   space 9216K, 0% used [0x00000007acb80000,0x00000007acb80000,0x00000007ad480000)
 ParOldGen       total 86016K, used 70756K [0x0000000700000000, 0x0000000705400000, 0x00000007aab00000)
  object space 86016K, 82% used [0x0000000700000000,0x00000007045190f0,0x0000000705400000)
 Metaspace       used 69268K, committed 71616K, reserved 1114112K
  class space    used 10186K, committed 11328K, reserved 1048576K
}

